number,value,datetime_start,datetime_complete,duration,params_colsample_bylevel,params_depth,params_iterations,params_l2_leaf_reg,params_learning_rate,params_subsample,state
339,0.5646770683902834,2026-08-14 09:17:06.735477,2026-08-14 09:17:06.997027,0 days 00:00:00.261550,0.7189974014054168,3,100,1.3203788097054705,0.012771719483370324,0.9733294198038775,COMPLETE
340,0.5817259930963374,2026-08-14 09:17:07.010170,2026-08-14 09:17:07.476941,0 days 00:00:00.466771,0.6761353764987914,3,200,2.041474195426742,0.034676999560211794,0.9599773796818387,COMPLETE
341,0.5646453514595493,2026-08-14 09:17:07.491085,2026-08-14 09:17:07.770538,0 days 00:00:00.279453,0.7354461278064086,3,100,1.6764011359857838,0.011789738057311325,0.9924233598056948,COMPLETE
342,0.5633806008721544,2026-08-14 09:17:07.784306,2026-08-14 09:17:08.059774,0 days 00:00:00.275468,0.6876366104188902,3,100,9.957937027008914,0.010681664826087624,0.9676917201425421,COMPLETE
343,0.5653921242423379,2026-08-14 09:17:08.074216,2026-08-14 09:17:08.344535,0 days 00:00:00.270319,0.7023684944438372,3,100,1.5496351080955724,0.013816552212436604,0.978773805558998,COMPLETE
344,0.5641585200238769,2026-08-14 09:17:08.357684,2026-08-14 09:17:08.620750,0 days 00:00:00.263066,0.6705157286259678,3,100,1.7701547335891044,0.010591747255166588,0.9505352968533398,COMPLETE
345,0.5651736138711267,2026-08-14 09:17:08.634081,2026-08-14 09:17:08.863209,0 days 00:00:00.229128,0.6885124679639705,2,100,1.5994852294498783,0.011640713308259719,0.9335507888480021,COMPLETE
346,0.5717772706331511,2026-08-14 09:17:08.876879,2026-08-14 09:17:09.150022,0 days 00:00:00.273143,0.6770194767166738,3,100,1.4514225572900143,0.04153025885591629,0.9601678551811023,COMPLETE
347,0.5647312606616165,2026-08-14 09:17:09.163993,2026-08-14 09:17:09.431501,0 days 00:00:00.267508,0.6998606958205277,3,100,3.162177837372089,0.012246540919541834,0.9846532850669213,COMPLETE
348,0.5669065764730903,2026-08-14 09:17:09.445068,2026-08-14 09:17:09.907755,0 days 00:00:00.462687,0.6835315784969606,3,200,1.2300004961227802,0.011136820765632856,0.941196704216663,COMPLETE
349,0.5652210732833675,2026-08-14 09:17:09.921578,2026-08-14 09:17:10.197318,0 days 00:00:00.275740,0.6619756012430801,3,100,1.9289238042254009,0.010075888771833446,0.9702331568968338,COMPLETE
350,0.5755901342871581,2026-08-14 09:29:57.721591,2026-08-14 09:29:58.075823,0 days 00:00:00.354232,0.6941933996096934,3,100,1.8528107306250405,0.05958312788399779,0.9554552177405432,COMPLETE
351,0.5656410852487824,2026-08-14 09:29:58.094098,2026-08-14 09:29:58.330460,0 days 00:00:00.236362,0.7867349457921782,2,100,1.7023910549172576,0.01281774996374441,0.9757612330854758,COMPLETE
352,0.5642318472779289,2026-08-14 09:29:58.346436,2026-08-14 09:29:58.651029,0 days 00:00:00.304593,0.707613048977612,3,100,1.5928763289835222,0.011216036476933193,0.9935469537383304,COMPLETE
353,0.5639317790161631,2026-08-14 09:29:58.758378,2026-08-14 09:29:59.057017,0 days 00:00:00.298639,0.9676680592611072,3,100,1.793936820061461,0.010602282430869941,0.9650236564138959,COMPLETE
354,0.5676220255468218,2026-08-14 09:29:59.071595,2026-08-14 09:29:59.543166,0 days 00:00:00.471571,0.6711001004573046,3,200,1.4979044669011634,0.01186529911165645,0.8962277333503053,COMPLETE
355,0.5653830511448608,2026-08-14 09:29:59.556955,2026-08-14 09:29:59.828200,0 days 00:00:00.271245,0.6475125738906198,3,100,3.4915360033134664,0.010021786445730822,0.9508681589927046,COMPLETE
356,0.5651792886713538,2026-08-14 09:29:59.842356,2026-08-14 09:30:00.126432,0 days 00:00:00.284076,0.6781787782218214,3,100,2.004956742806422,0.011176925361742031,0.9181552415093289,COMPLETE
357,0.5627432269067102,2026-08-14 09:30:00.139942,2026-08-14 09:30:00.415650,0 days 00:00:00.275708,0.6887250715218971,3,100,1.6612315096051042,0.014247513620993793,0.9850256920759408,COMPLETE
358,0.5637418712711897,2026-08-14 09:30:00.430596,2026-08-14 09:30:00.705165,0 days 00:00:00.274569,0.6635392714245667,3,100,2.2927549330739496,0.012433189627217477,0.9436908347878681,COMPLETE
359,0.5650975974778845,2026-08-14 09:30:00.719086,2026-08-14 09:30:01.008994,0 days 00:00:00.289908,0.6807561077375793,3,100,1.7331754305236293,0.010733077076099743,0.9617821425725808,COMPLETE
360,0.5627895961530219,2026-08-14 09:30:01.023365,2026-08-14 09:30:01.310349,0 days 00:00:00.286984,0.6963844900304408,3,100,2.1065419046056983,0.011677084662233243,0.9762927970035812,COMPLETE
361,0.5644739724586486,2026-08-14 09:30:01.324866,2026-08-14 09:30:01.619909,0 days 00:00:00.295043,0.6540932907755013,3,100,1.5460823988193544,0.013501443307383705,0.9678508464238438,COMPLETE
362,0.5649487797546165,2026-08-14 09:30:01.634400,2026-08-14 09:30:01.912856,0 days 00:00:00.278456,0.6706833018756274,3,100,1.8549864785289185,0.010494762155479093,0.9570751579376863,COMPLETE
363,0.5638944694885838,2026-08-14 09:30:01.926475,2026-08-14 09:30:02.197045,0 days 00:00:00.270570,0.6862160446026055,3,100,8.327175594746071,0.011931055028472864,0.9908447832029665,COMPLETE
364,0.5647863428380749,2026-08-14 09:30:02.211275,2026-08-14 09:30:02.494197,0 days 00:00:00.282922,0.6123775671875517,3,100,1.666173593657218,0.01130834987332124,0.9273060422151717,COMPLETE
365,0.5628552820447303,2026-08-14 09:30:02.508396,2026-08-14 09:30:02.780269,0 days 00:00:00.271873,0.6372400634121271,3,100,1.7616649926191568,0.010001893503204327,0.9996679333313057,COMPLETE
366,0.5656806510388642,2026-08-14 09:30:02.795557,2026-08-14 09:30:03.082875,0 days 00:00:00.287318,0.9124403707312483,3,100,1.6186316616157472,0.012811497701706817,0.9758627325989223,COMPLETE
367,0.6225375617840614,2026-08-14 09:30:03.096364,2026-08-14 09:30:03.367489,0 days 00:00:00.271125,0.6773489738024443,3,100,1.9303694204618205,0.21635683726768454,0.9520785694074585,COMPLETE
368,0.5645863532216442,2026-08-14 09:30:03.381017,2026-08-14 09:30:03.738178,0 days 00:00:00.357161,0.6911438348077463,2,200,1.3621554189209952,0.011082716684934033,0.9705394838988164,COMPLETE
369,0.5646914014611409,2026-08-14 09:30:03.751536,2026-08-14 09:30:04.028005,0 days 00:00:00.276469,0.7151863136763081,3,100,1.5698724606807621,0.012046065061107907,0.9808421914547,COMPLETE
370,0.5621297108869282,2026-08-14 09:30:04.042124,2026-08-14 09:30:04.327304,0 days 00:00:00.285180,0.7018122406038996,3,100,1.79952376762208,0.010658152598175406,0.9613675370468412,COMPLETE
371,0.5651072794379898,2026-08-14 09:30:04.342404,2026-08-14 09:30:04.633762,0 days 00:00:00.291358,0.7060797695691913,3,100,1.8516994032051357,0.01074547012864667,0.9433233857874851,COMPLETE
372,0.5628769678645753,2026-08-14 09:30:04.648259,2026-08-14 09:30:04.965551,0 days 00:00:00.317292,0.722047794654337,3,100,2.0157827509576762,0.01290684881025158,0.9355226647322179,COMPLETE
373,0.5639418665797121,2026-08-14 09:30:04.980956,2026-08-14 09:30:05.269935,0 days 00:00:00.288979,0.7011395213520615,3,100,1.7932889780131664,0.011561114758875746,0.9598893267973114,COMPLETE
374,0.5641189254936911,2026-08-14 09:30:05.284801,2026-08-14 09:30:05.592429,0 days 00:00:00.307628,0.710435542150234,3,100,1.8735759875609206,0.01068074386709993,0.9497843594982711,COMPLETE
375,0.5622022575245056,2026-08-14 09:30:05.607431,2026-08-14 09:30:05.902301,0 days 00:00:00.294870,0.69712805130491,3,100,1.7396061545589572,0.012397281672631301,0.9855668367588413,COMPLETE
376,0.5642613908243137,2026-08-14 09:30:05.918310,2026-08-14 09:30:06.204775,0 days 00:00:00.286465,0.6995377732052446,3,100,2.1896676381516733,0.011429710093281384,0.9881596170196155,COMPLETE
377,0.5655409634493835,2026-08-14 09:30:06.220544,2026-08-14 09:30:06.508559,0 days 00:00:00.288015,0.7079096292490014,3,100,1.9477743760912904,0.012099980299115897,0.9919887061817013,COMPLETE
378,0.5637984913002879,2026-08-14 09:30:06.522249,2026-08-14 09:30:06.819207,0 days 00:00:00.296958,0.6937354586855069,3,100,1.7322416932960627,0.010014592934748242,0.9808345118329712,COMPLETE
379,0.5670504739283861,2026-08-14 09:30:06.834550,2026-08-14 09:30:07.372163,0 days 00:00:00.537613,0.7009111974304852,3,200,1.7965121277717877,0.01108105494425777,0.9846226338611,COMPLETE
380,0.5657519184238968,2026-08-14 09:30:07.389781,2026-08-14 09:30:07.680712,0 days 00:00:00.290931,0.7144561393802032,3,100,1.8832207668833374,0.013465893401862416,0.9561681441451759,COMPLETE
381,0.5644321497783918,2026-08-14 09:30:07.695047,2026-08-14 09:30:07.996806,0 days 00:00:00.301759,0.7449630660026892,3,100,1.7236145442281168,0.014847704394985556,0.9993647158649105,COMPLETE
382,0.5631036617443492,2026-08-14 09:30:08.010849,2026-08-14 09:30:08.292663,0 days 00:00:00.281814,0.7249501467520455,3,100,3.344992469830793,0.010646963893363318,0.9629173030047298,COMPLETE
383,0.5647952560071394,2026-08-14 09:30:08.306921,2026-08-14 09:30:08.608836,0 days 00:00:00.301915,0.8577111429266345,3,100,2.11888335832166,0.012013281704259391,0.9479570557675415,COMPLETE
384,0.5643608602207854,2026-08-14 09:30:08.622443,2026-08-14 09:30:08.905774,0 days 00:00:00.283331,0.6895437969849681,3,100,1.812575820964175,0.011314115283942994,0.975306679466569,COMPLETE
385,0.5650075795664533,2026-08-14 09:30:08.921144,2026-08-14 09:30:09.166562,0 days 00:00:00.245418,0.6938020380323411,2,100,1.9706932734620108,0.010046487842458795,0.9913166206210992,COMPLETE
386,0.5650463450358423,2026-08-14 09:30:09.180714,2026-08-14 09:30:09.455675,0 days 00:00:00.274961,0.684898245050254,3,100,1.708439959723565,0.012617494480778021,0.9671304671650626,COMPLETE
387,0.5641089088839862,2026-08-14 09:30:09.470934,2026-08-14 09:30:09.749353,0 days 00:00:00.278419,0.7033049280228759,3,100,1.7446750337791566,0.010839678137657299,0.9413786394888062,COMPLETE
388,0.5622805458166381,2026-08-14 09:30:09.762877,2026-08-14 09:30:10.042846,0 days 00:00:00.279969,0.6650303616411298,3,100,1.8628486372518092,0.011784603699208297,0.9576901393923699,COMPLETE
389,0.5666382745731577,2026-08-14 09:30:10.057028,2026-08-14 09:30:10.340308,0 days 00:00:00.283280,0.8254903521748429,3,100,1.6615272720567433,0.013741394667797854,0.9616056613093585,COMPLETE
390,0.5789597992427702,2026-08-14 09:30:10.354393,2026-08-14 09:30:10.827700,0 days 00:00:00.473307,0.6571319560853549,3,200,3.718713002710373,0.030262267207422505,0.9799010427315367,COMPLETE
391,0.5633268721603825,2026-08-14 09:30:10.841548,2026-08-14 09:30:11.136509,0 days 00:00:00.294961,0.6657357750993971,3,100,6.813313338069824,0.012036798944959726,0.9710943593725333,COMPLETE
392,0.5624710552193989,2026-08-14 09:30:11.150870,2026-08-14 09:30:11.440957,0 days 00:00:00.290087,0.6648569231239173,3,100,1.844611961484685,0.012762897233451418,0.9564194407472537,COMPLETE
393,0.5662757559239049,2026-08-14 09:30:11.455327,2026-08-14 09:30:11.733367,0 days 00:00:00.278040,0.6501467653424784,3,100,9.034721446339814,0.02018590753693581,0.9865303967775378,COMPLETE
394,0.5645263594958537,2026-08-14 09:30:11.747069,2026-08-14 09:30:12.020761,0 days 00:00:00.273692,0.6745499395514298,3,100,1.4954664645127687,0.01172642635454738,0.9669071174143622,COMPLETE
395,0.5640318078962935,2026-08-14 09:30:12.034893,2026-08-14 09:30:12.314522,0 days 00:00:00.279629,0.6701344212057853,3,100,1.4125693241669426,0.011481115049811166,0.9770013839513476,COMPLETE
396,0.5651281084916226,2026-08-14 09:30:12.327691,2026-08-14 09:30:12.598045,0 days 00:00:00.270354,0.6601553261847608,3,100,1.795603840722061,0.013202593467685606,0.959637799094526,COMPLETE
397,0.564772867673818,2026-08-14 09:30:12.612620,2026-08-14 09:30:12.853282,0 days 00:00:00.240662,0.6795774470548155,2,100,2.8729914139753983,0.012246237046555614,0.9848840741119017,COMPLETE
398,0.5855537437340061,2026-08-14 09:30:12.867704,2026-08-14 09:30:14.297836,0 days 00:00:01.430132,0.6416242132925157,3,800,1.6778930257511944,0.01114489536763804,0.9999356047781451,COMPLETE
399,0.5630888026076032,2026-08-14 09:30:14.312748,2026-08-14 09:30:14.580717,0 days 00:00:00.267969,0.6691556825427305,3,100,1.5790928887555544,0.01447482536793751,0.9532937123501536,COMPLETE
400,0.5638793573816974,2026-08-14 09:38:52.798400,2026-08-14 09:38:53.157545,0 days 00:00:00.359145,0.6856642828650144,3,100,2.034747078077773,0.010734313054553527,0.9733679788676347,COMPLETE
401,0.5786992246766365,2026-08-14 09:38:53.176731,2026-08-14 09:38:54.126759,0 days 00:00:00.950028,0.6740626998491137,3,500,1.7434157935345305,0.012360286993396611,0.9919802543042572,COMPLETE
402,0.56475919007768,2026-08-14 09:38:54.139634,2026-08-14 09:38:54.406839,0 days 00:00:00.267205,0.6563244180499478,3,100,1.8931148660434767,0.011494015670693688,0.9630443262214317,COMPLETE
403,0.5647853119407669,2026-08-14 09:38:54.420925,2026-08-14 09:38:54.774192,0 days 00:00:00.353267,0.6641823975090952,2,200,1.6252151311756315,0.010557704761710062,0.9689159464484021,COMPLETE
404,0.5620235874621392,2026-08-14 09:38:54.787718,2026-08-14 09:38:55.057464,0 days 00:00:00.269746,0.6980711039198463,3,100,1.5270238847788271,0.011560982564939882,0.9818559719923717,COMPLETE
405,0.5641659496934331,2026-08-14 09:38:55.071233,2026-08-14 09:38:55.342207,0 days 00:00:00.270974,0.6992295409406064,3,100,1.5122375212868444,0.011109200704735063,0.9796945868124185,COMPLETE
406,0.5659535241461259,2026-08-14 09:38:55.355419,2026-08-14 09:38:55.617313,0 days 00:00:00.261894,0.6237180215826144,3,100,1.4250498461057868,0.013153269760019685,0.9853141695361108,COMPLETE
407,0.572271270891467,2026-08-14 09:38:55.631074,2026-08-14 09:38:55.898482,0 days 00:00:00.267408,0.7103593928162746,3,100,7.4267820771654005,0.049324707079559334,0.9911174072263196,COMPLETE
408,0.5637955430405032,2026-08-14 09:38:55.911663,2026-08-14 09:38:56.182534,0 days 00:00:00.270871,0.6935136335913363,3,100,1.4651682628975846,0.010003995108520361,0.977571696807189,COMPLETE
409,0.5647773182528955,2026-08-14 09:38:56.195889,2026-08-14 09:38:56.487147,0 days 00:00:00.291258,0.7058153396708551,3,100,1.5489325157801117,0.012313922930428316,0.9834636695255222,COMPLETE
410,0.5629123031741777,2026-08-14 09:38:56.501225,2026-08-14 09:38:56.769886,0 days 00:00:00.268661,0.6972193043630317,3,100,1.6314268971731536,0.010682723668588533,0.9927387482188959,COMPLETE
411,0.565779895459344,2026-08-14 09:38:56.782906,2026-08-14 09:38:57.063265,0 days 00:00:00.280359,0.7337569906625975,3,100,1.569162815853167,0.011471532609227474,0.7254753460040514,COMPLETE
412,0.5937930276677019,2026-08-14 09:38:57.077125,2026-08-14 09:38:57.551591,0 days 00:00:00.474466,0.7148278652071899,3,200,1.685611034478737,0.07889978102759283,0.972491491510475,COMPLETE
413,0.5646512616004957,2026-08-14 09:38:57.564671,2026-08-14 09:38:57.829566,0 days 00:00:00.264895,0.686788122102942,3,100,1.5179832434110676,0.010687398422750878,0.9670761776267315,COMPLETE
414,0.5662670926943709,2026-08-14 09:38:57.843750,2026-08-14 09:38:58.113512,0 days 00:00:00.269762,0.6819299547443042,3,100,1.7589746750072994,0.011713561693516585,0.9799670272303683,COMPLETE
415,0.5629381952621595,2026-08-14 09:38:58.126622,2026-08-14 09:38:58.414441,0 days 00:00:00.287819,0.6982620934400077,3,100,1.6059155196007644,0.013741564000364422,0.9350223152723982,COMPLETE
416,0.565384171356396,2026-08-14 09:38:58.427798,2026-08-14 09:38:58.724243,0 days 00:00:00.296445,0.6910434506799352,3,100,1.7063918820967279,0.012583247797432907,0.9479318217189815,COMPLETE
417,0.5614793212783373,2026-08-14 09:38:58.737667,2026-08-14 09:38:59.014468,0 days 00:00:00.276801,0.6799203931397194,3,100,1.4646857968432334,0.011296404216815624,0.9937858681153261,COMPLETE
418,0.5620453998693936,2026-08-14 09:38:59.028366,2026-08-14 09:38:59.328634,0 days 00:00:00.300268,0.6796513818473893,3,100,1.3509333447591476,0.011241595827329443,0.9732422564885472,COMPLETE
419,0.56505203682361,2026-08-14 09:38:59.343195,2026-08-14 09:38:59.632144,0 days 00:00:00.288949,0.6826062670037485,3,100,1.269870370976703,0.010500601167443344,0.9859719636876068,COMPLETE
420,0.5654067115689143,2026-08-14 09:38:59.647956,2026-08-14 09:39:00.042213,0 days 00:00:00.394257,0.6903876999211397,2,200,1.3496366781944757,0.011166687681954918,0.9748275787923149,COMPLETE
421,0.5639638342174762,2026-08-14 09:39:00.055405,2026-08-14 09:39:00.338606,0 days 00:00:00.283201,0.7031124464534582,3,100,1.415291500415369,0.012285675704159612,0.9750053860665825,COMPLETE
422,0.5653950231656024,2026-08-14 09:39:00.352407,2026-08-14 09:39:00.631697,0 days 00:00:00.279290,0.7566806034947805,3,100,1.3155333265254054,0.010584009770872304,0.9820420224312338,COMPLETE
423,0.563630324055898,2026-08-14 09:39:00.645916,2026-08-14 09:39:00.930227,0 days 00:00:00.284311,0.7211310690328646,3,100,1.1911301290205167,0.010048194944653659,0.967320486948868,COMPLETE
424,0.5646832064865897,2026-08-14 09:39:00.944250,2026-08-14 09:39:01.222938,0 days 00:00:00.278688,0.6743268357101501,3,100,1.3793152218107958,0.011211072920689137,0.9906920309008406,COMPLETE
425,0.5635472250318905,2026-08-14 09:39:01.236666,2026-08-14 09:39:01.509593,0 days 00:00:00.272927,0.6847663306060627,3,100,1.455662331540672,0.012911558537433775,0.9715819561044047,COMPLETE
426,0.5648967033837958,2026-08-14 09:39:01.523188,2026-08-14 09:39:01.797089,0 days 00:00:00.273901,0.6968013938274831,3,100,1.0884016306617725,0.011763873701733386,0.9649600660033687,COMPLETE
427,0.5643773569432857,2026-08-14 09:39:01.810663,2026-08-14 09:39:02.095252,0 days 00:00:00.284589,0.6747613808126597,3,100,1.324939366007704,0.011035438419785517,0.9834349145262726,COMPLETE
428,0.5649326045461506,2026-08-14 09:39:02.110348,2026-08-14 09:39:02.397903,0 days 00:00:00.287555,0.7061009528587399,3,100,1.484352967986537,0.01221237730218072,0.9931538353842995,COMPLETE
429,0.562752754760288,2026-08-14 09:39:02.411187,2026-08-14 09:39:02.689528,0 days 00:00:00.278341,0.6900220933719055,3,100,1.4340077255936188,0.013537172962737324,0.9766888830755547,COMPLETE
430,0.5659086609843464,2026-08-14 09:39:02.704255,2026-08-14 09:39:02.986801,0 days 00:00:00.282546,0.6809778096933643,3,100,1.394883526606185,0.010620025430291915,0.9626855893009352,COMPLETE
431,0.5668265273819468,2026-08-14 09:39:03.001322,2026-08-14 09:39:03.476950,0 days 00:00:00.475628,0.6948119774201826,3,200,1.5081113085449107,0.010018766863892355,0.9856882183919036,COMPLETE
432,0.5645942639280715,2026-08-14 09:39:03.489921,2026-08-14 09:39:03.733057,0 days 00:00:00.243136,0.6744373878256907,2,100,1.5481214927902427,0.011531003103683095,0.972047285750121,COMPLETE
433,0.5646922375806674,2026-08-14 09:39:03.746574,2026-08-14 09:39:04.031219,0 days 00:00:00.284645,0.6847589890201575,3,100,1.566652538250656,0.01271029879445516,0.9547554191388089,COMPLETE
434,0.5644711401815554,2026-08-14 09:39:04.045273,2026-08-14 09:39:04.322552,0 days 00:00:00.277279,0.668311010698565,3,100,1.2277284183454482,0.01115580127500481,0.9646352957951071,COMPLETE
435,0.5640160809920045,2026-08-14 09:39:04.336792,2026-08-14 09:39:04.637887,0 days 00:00:00.301095,0.7085217588437704,3,100,1.468986107610091,0.011749018478456066,0.6166125560642581,COMPLETE
436,0.5645290473448211,2026-08-14 09:39:04.652330,2026-08-14 09:39:04.935235,0 days 00:00:00.282905,0.6800850160176947,3,100,1.651285978405794,0.014790055060812294,0.9093111191961308,COMPLETE
437,0.5647539011707232,2026-08-14 09:39:04.949441,2026-08-14 09:39:05.234511,0 days 00:00:00.285070,0.6918771311004669,3,100,1.33961425891484,0.010897900244336027,0.9800179086816968,COMPLETE
438,0.5631320923580221,2026-08-14 09:39:05.249463,2026-08-14 09:39:05.531332,0 days 00:00:00.281869,0.7148820697163765,3,100,1.6106019605394768,0.01054297409575031,0.9448693636012833,COMPLETE
439,0.5646957001025679,2026-08-14 09:39:05.545435,2026-08-14 09:39:05.824289,0 days 00:00:00.278854,0.6720474073345261,3,100,1.5239798805372764,0.012069272608100536,0.995166280451097,COMPLETE
440,0.5690029177399143,2026-08-14 09:39:05.837916,2026-08-14 09:39:06.314669,0 days 00:00:00.476753,0.702323821591708,3,200,1.8137456178609055,0.013089735141580298,0.9278821612310311,COMPLETE
441,0.5649949227796865,2026-08-14 09:39:06.328392,2026-08-14 09:39:06.597261,0 days 00:00:00.268869,0.6799137710254152,3,100,1.6775641843363884,0.011302506334075417,0.9716012185843989,COMPLETE
442,0.5638001345171112,2026-08-14 09:39:06.610670,2026-08-14 09:39:06.903402,0 days 00:00:00.292732,0.6907100961599995,3,100,1.4163429040280506,0.010029431818113485,0.9542270990193658,COMPLETE
443,0.5805848212647012,2026-08-14 09:39:06.916970,2026-08-14 09:39:08.096800,0 days 00:00:01.179830,0.6607321578458907,3,600,1.9607476383372526,0.012315072696885167,0.9613321870761101,COMPLETE
444,0.5648827855796851,2026-08-14 09:39:08.110374,2026-08-14 09:39:08.407873,0 days 00:00:00.297499,0.6859495015190978,3,100,1.5982025470552692,0.010617461292097976,0.9869905785526629,COMPLETE
445,0.5640493256657066,2026-08-14 09:39:08.422172,2026-08-14 09:39:08.699821,0 days 00:00:00.277649,0.6966438924106895,3,100,1.7138598394858657,0.01000223873335875,0.9806094987639657,COMPLETE
446,0.5647447326047904,2026-08-14 09:39:08.713803,2026-08-14 09:39:08.956875,0 days 00:00:00.243072,0.66796459518571,2,100,2.2487156330679516,0.011537839043317843,0.9681954561110968,COMPLETE
447,0.5651339370831554,2026-08-14 09:39:08.971310,2026-08-14 09:39:09.246854,0 days 00:00:00.275544,0.6763032972688773,3,100,1.7937770894744438,0.01405552556927615,0.9763313698768186,COMPLETE
448,0.5633999587310327,2026-08-14 09:39:09.260946,2026-08-14 09:39:09.543613,0 days 00:00:00.282667,0.6857329355527838,3,100,1.4801551032224236,0.011106451046302162,0.9468297120475352,COMPLETE
449,0.5843780321648943,2026-08-14 09:39:09.558566,2026-08-14 09:39:10.878455,0 days 00:00:01.319889,0.7024203057519118,3,700,1.2755236515504682,0.01203524756802906,0.9587185915790954,COMPLETE
450,0.5654913557112448,2026-08-14 09:45:55.698938,2026-08-14 09:45:56.057282,0 days 00:00:00.358344,0.6541178044741239,3,100,1.633728453573586,0.01313805325535718,0.9383540874970195,COMPLETE
451,0.5670096297639946,2026-08-14 09:45:56.079305,2026-08-14 09:45:56.573456,0 days 00:00:00.494151,0.6703152631659017,3,200,2.0268632105038185,0.01073517594188892,0.9992083278216222,COMPLETE
