number,value,datetime_start,datetime_complete,duration,params_colsample_bylevel,params_depth,params_iterations,params_l2_leaf_reg,params_learning_rate,params_subsample,state
452,0.5781025112237987,2026-08-14 09:45:56.587498,2026-08-14 09:45:56.871063,0 days 00:00:00.283565,0.6969639977202097,3,100,1.8819423732630631,0.06543801622667525,0.9678920152199413,COMPLETE
453,0.5690126921598001,2026-08-14 09:45:56.885289,2026-08-14 09:45:57.169226,0 days 00:00:00.283937,0.7278767269838471,3,100,1.550913296434054,0.03308172580320544,0.9878285078254292,COMPLETE
454,0.5634251255089275,2026-08-14 09:45:57.184405,2026-08-14 09:45:57.469800,0 days 00:00:00.285395,0.6792135079156488,3,100,1.724305881639675,0.011730625900560917,0.9522125118207214,COMPLETE
455,0.5657498824083087,2026-08-14 09:45:57.484303,2026-08-14 09:45:57.767828,0 days 00:00:00.283525,0.711663170513108,3,100,1.3882794829549345,0.012542817588592318,0.9783079088286211,COMPLETE
456,0.5664881637011249,2026-08-14 09:45:57.781726,2026-08-14 09:45:58.265487,0 days 00:00:00.483761,0.687500107240107,3,200,2.356910476135983,0.010001502418746495,0.9208743079183909,COMPLETE
457,0.5656169051037988,2026-08-14 09:45:58.280279,2026-08-14 09:45:58.526776,0 days 00:00:00.246497,0.6597393342014142,2,100,1.799435413633126,0.01111758818433955,0.9600099489337502,COMPLETE
458,0.5646398658746121,2026-08-14 09:45:58.540958,2026-08-14 09:45:58.823075,0 days 00:00:00.282117,0.673816077319782,3,100,2.109349765511142,0.010635246257869543,0.9722600678721485,COMPLETE
459,0.5636128130057961,2026-08-14 09:45:58.837953,2026-08-14 09:45:59.120992,0 days 00:00:00.283039,0.6913250219707385,3,100,1.6609429276688783,0.011710311001227047,0.9907062686871692,COMPLETE
460,0.5630970153518486,2026-08-14 09:45:59.134643,2026-08-14 09:45:59.426189,0 days 00:00:00.291546,0.6652651959905854,3,100,1.5723675187951314,0.012478087007660796,0.9501373647249491,COMPLETE
461,0.5924701706727186,2026-08-14 09:45:59.441817,2026-08-14 09:45:59.725966,0 days 00:00:00.284149,0.6798695940046157,3,100,1.922802026585755,0.11245882483025485,0.9660962873331715,COMPLETE
462,0.586577138795095,2026-08-14 09:45:59.741357,2026-08-14 09:46:00.032345,0 days 00:00:00.290988,0.6851277680266363,3,100,1.513601719948213,0.12685261983085777,0.9843702041218081,COMPLETE
463,0.5661006000029533,2026-08-14 09:46:00.047508,2026-08-14 09:46:00.334469,0 days 00:00:00.286961,0.7005458331717667,3,100,3.01269184679351,0.011197600136420403,0.9743833989431178,COMPLETE
464,0.5942827534794756,2026-08-14 09:46:00.349181,2026-08-14 09:46:02.159260,0 days 00:00:01.810079,0.6947790240414721,3,1000,1.7003526348740068,0.013621012366705347,0.9613419937301482,COMPLETE
465,0.5636862079227803,2026-08-14 09:46:02.173838,2026-08-14 09:46:02.461855,0 days 00:00:00.288017,0.6478214242342131,3,100,1.8115645188947012,0.010805273521583428,0.9937642195744587,COMPLETE
466,0.5658175869431491,2026-08-14 09:46:02.476100,2026-08-14 09:46:02.776676,0 days 00:00:00.300576,0.7193448572548453,3,100,1.619069207492489,0.01182263202794561,0.9789015094615445,COMPLETE
467,0.5635686919936935,2026-08-14 09:46:02.790968,2026-08-14 09:46:03.079733,0 days 00:00:00.288765,0.7087228807070373,3,100,1.4793602007563778,0.010720160846999475,0.7080610418919693,COMPLETE
468,0.5649677363941926,2026-08-14 09:46:03.093435,2026-08-14 09:46:03.384270,0 days 00:00:00.290835,0.6781584579980786,3,100,2.5142276513353274,0.012735381927210106,0.940977955869398,COMPLETE
469,0.5647384138701008,2026-08-14 09:46:03.399436,2026-08-14 09:46:03.688806,0 days 00:00:00.289370,0.7686855009786053,3,100,8.010828095416082,0.011467397208561372,0.9562858878760055,COMPLETE
470,0.5644699083622686,2026-08-14 09:46:03.702658,2026-08-14 09:46:03.962643,0 days 00:00:00.259985,0.6698407944749553,2,100,1.134928026099468,0.010059141070915061,0.9677409198056517,COMPLETE
471,0.5682815482706742,2026-08-14 09:46:03.978004,2026-08-14 09:46:04.269141,0 days 00:00:00.291137,0.6870254850006424,3,100,1.7347108443699282,0.04027567998307641,0.7440757296814797,COMPLETE
472,0.5662532083998951,2026-08-14 09:46:04.283509,2026-08-14 09:46:04.569381,0 days 00:00:00.285872,0.6628742876204339,3,100,1.5986781802089838,0.012252781756388949,0.9832838403418034,COMPLETE
473,0.563181153526221,2026-08-14 09:46:04.583798,2026-08-14 09:46:04.876092,0 days 00:00:00.292294,0.6953575898657154,3,100,1.8636104324588585,0.01065604900124325,0.950676870324036,COMPLETE
474,0.5692012167979983,2026-08-14 09:46:04.890422,2026-08-14 09:46:05.374723,0 days 00:00:00.484301,0.6758843125296805,3,200,1.974027264330476,0.011562242115220967,0.9325180142941176,COMPLETE
475,0.5640781995194766,2026-08-14 09:46:05.388371,2026-08-14 09:46:05.667013,0 days 00:00:00.278642,0.702413046439242,3,100,1.4297743561885985,0.014120110175334563,0.9997127976022705,COMPLETE
476,0.6233023001983424,2026-08-14 09:46:05.681551,2026-08-14 09:46:05.969079,0 days 00:00:00.287528,0.6835182094018448,3,100,1.66977160912027,0.28255962678064533,0.9738996192989179,COMPLETE
477,0.5652124276913916,2026-08-14 09:46:05.984132,2026-08-14 09:46:06.231234,0 days 00:00:00.247102,0.6701640957759535,2,100,1.780960470312102,0.010560877867215327,0.9622560033498296,COMPLETE
478,0.5657296057355102,2026-08-14 09:46:06.245029,2026-08-14 09:46:06.522336,0 days 00:00:00.277307,0.6571840668271891,3,100,1.3546577427305166,0.013064687676998345,0.9894668580629152,COMPLETE
479,0.5651121379315165,2026-08-14 09:46:06.536197,2026-08-14 09:46:06.817359,0 days 00:00:00.281162,0.6876771166425,3,100,2.683992944908286,0.011330760867244287,0.9685492029461814,COMPLETE
480,0.5655440155473059,2026-08-14 09:46:06.831447,2026-08-14 09:46:07.123161,0 days 00:00:00.291714,0.6940211831325402,3,100,1.537216486859788,0.015356673568546642,0.9455710518526245,COMPLETE
481,0.5651546055704015,2026-08-14 09:46:07.137244,2026-08-14 09:46:07.421538,0 days 00:00:00.284294,0.6795809670545857,3,100,1.6712344877045229,0.010007802051763002,0.9778594761077349,COMPLETE
482,0.5628495936941454,2026-08-14 09:46:07.435470,2026-08-14 09:46:07.710439,0 days 00:00:00.274969,0.7100288698766559,3,100,1.772521604245449,0.012329465864032,0.9590396635427612,COMPLETE
483,0.5670732425261514,2026-08-14 09:46:07.723511,2026-08-14 09:46:08.215081,0 days 00:00:00.491570,0.672058687719683,3,100,1.9134650800455313,0.02142494482689292,0.9840822596458623,COMPLETE
484,0.5636612168840115,2026-08-14 09:46:08.241409,2026-08-14 09:46:08.757676,0 days 00:00:00.516267,0.7033773810316959,3,100,1.5795344730592675,0.011009887016967505,0.9686240353713869,COMPLETE
485,0.5650878400124194,2026-08-14 09:46:08.786676,2026-08-14 09:46:09.348238,0 days 00:00:00.561562,0.6893283053468987,3,100,2.068714895621702,0.01177663372664697,0.9507462136372816,COMPLETE
486,0.570200473693601,2026-08-14 09:46:09.373129,2026-08-14 09:46:10.300953,0 days 00:00:00.927824,0.666391977169548,3,200,1.4600726066705885,0.010630908367084173,0.976812290190167,COMPLETE
487,0.5628881666972008,2026-08-14 09:46:10.324373,2026-08-14 09:46:10.849310,0 days 00:00:00.524937,0.6808892853417973,3,100,1.7048048413239907,0.013069709008972532,0.680735505550509,COMPLETE
488,0.563919502337114,2026-08-14 09:46:10.874641,2026-08-14 09:46:11.256102,0 days 00:00:00.381461,0.6984277371537725,3,100,1.8315772817364246,0.01124464279516944,0.9908995540876924,COMPLETE
489,0.565090514859105,2026-08-14 09:46:11.271403,2026-08-14 09:46:11.602653,0 days 00:00:00.331250,0.7390141544746486,3,100,1.6062184098101426,0.012247347613219538,0.9599510052568104,COMPLETE
490,0.5652366892621594,2026-08-14 09:46:11.618390,2026-08-14 09:46:11.946536,0 days 00:00:00.328146,0.675359401310757,3,100,1.5183314887668518,0.010544600766753492,0.9394979347954318,COMPLETE
491,0.5656145398326414,2026-08-14 09:46:11.961472,2026-08-14 09:46:12.253872,0 days 00:00:00.292400,0.6613502189104888,3,100,1.7825619248705258,0.011732504148454639,0.9706128464483713,COMPLETE
492,0.5658449283906071,2026-08-14 09:46:12.267575,2026-08-14 09:46:12.541709,0 days 00:00:00.274134,0.6491203532144637,3,100,1.6543367049742699,0.011290046912666675,0.9826597829295652,COMPLETE
493,0.5648595605946272,2026-08-14 09:46:12.555457,2026-08-14 09:46:12.838776,0 days 00:00:00.283319,0.7175059078216952,3,100,1.2919285789678467,0.010603453237650553,0.9557315428448964,COMPLETE
494,0.5691361719774299,2026-08-14 09:46:12.851760,2026-08-14 09:46:13.326443,0 days 00:00:00.474683,0.6896377717794255,3,200,2.1929159947961088,0.013513444050549411,0.9642285478117014,COMPLETE
495,0.5622792982401471,2026-08-14 09:46:13.340218,2026-08-14 09:46:13.586179,0 days 00:00:00.245961,0.7503695854457735,2,100,1.964840117224111,0.012247437834664162,0.9737864297505258,COMPLETE
496,0.5796133335234337,2026-08-14 09:46:13.600363,2026-08-14 09:46:13.927065,0 days 00:00:00.326702,0.6834822322663683,3,100,1.861976645951835,0.04759916311016377,0.9150840362479199,COMPLETE
497,0.5834987409878656,2026-08-14 09:46:13.942196,2026-08-14 09:46:15.858764,0 days 00:00:01.916568,0.670696188258373,3,900,6.4856497650412415,0.011155088684297418,0.9898209091768756,COMPLETE
498,0.5649264570395125,2026-08-14 09:46:15.873034,2026-08-14 09:46:16.203944,0 days 00:00:00.330910,0.6940345346471849,3,100,1.7298575594055459,0.010014394730698635,0.9459895085067942,COMPLETE
499,0.5643228302112673,2026-08-14 09:46:16.218234,2026-08-14 09:46:16.525321,0 days 00:00:00.307087,0.7072711195713172,3,100,1.5718259770818797,0.01198865025193994,0.9640103087582778,COMPLETE
500,0.5685819976578128,2026-08-14 09:55:06.888646,2026-08-14 09:55:07.310723,0 days 00:00:00.422077,0.6803098822547465,3,100,1.4501670545157561,0.017553102832436617,0.9542773068700244,COMPLETE
501,0.5725643379552242,2026-08-14 09:55:07.333402,2026-08-14 09:55:07.654735,0 days 00:00:00.321333,0.7270600576841373,3,100,1.655061975459106,0.05514255657715003,0.980202483430426,COMPLETE
502,0.5629196374222081,2026-08-14 09:55:07.670807,2026-08-14 09:55:08.005619,0 days 00:00:00.334812,0.6538001049435567,3,100,1.7593571911844865,0.010017373691643508,0.6604403400453552,COMPLETE
503,0.5653394041931276,2026-08-14 09:55:08.021394,2026-08-14 09:55:08.334184,0 days 00:00:00.312790,0.6975920087759239,3,100,1.5221138101343163,0.012668906661377637,0.9272273833878271,COMPLETE
504,0.5650084070217656,2026-08-14 09:55:08.349546,2026-08-14 09:55:08.669795,0 days 00:00:00.320249,0.6643010443003288,3,100,8.593970879699885,0.011082645772871451,0.9922573217668662,COMPLETE
505,0.5654738960376922,2026-08-14 09:55:08.687582,2026-08-14 09:55:09.003562,0 days 00:00:00.315980,0.674047150096869,3,100,1.8902260943796272,0.011624050977847893,0.9996237409361016,COMPLETE
506,0.5644275216044632,2026-08-14 09:55:09.019733,2026-08-14 09:55:09.336809,0 days 00:00:00.317076,0.6843634069925402,3,100,1.3552523478664968,0.014298691041075525,0.9725859607578423,COMPLETE
507,0.5664903061321374,2026-08-14 09:55:09.351893,2026-08-14 09:55:09.901291,0 days 00:00:00.549398,0.6920914605285272,3,200,1.5968355924134157,0.010663185481338943,0.9615735821678162,COMPLETE
508,0.5722774819518213,2026-08-14 09:55:09.916813,2026-08-14 09:55:10.462544,0 days 00:00:00.545731,0.7036005193382545,2,300,2.0527566183532078,0.013017619689564936,0.9841042324500285,COMPLETE
509,0.5639576449002335,2026-08-14 09:55:10.476636,2026-08-14 09:55:10.794163,0 days 00:00:00.317527,0.6781144403304425,3,100,1.6678286243257476,0.028088995657972585,0.9532568942391115,COMPLETE
510,0.607268496934885,2026-08-14 09:55:10.810188,2026-08-14 09:55:11.149427,0 days 00:00:00.339239,0.6873385288433688,3,100,1.83459266616474,0.19647680898428063,0.9686682651244727,COMPLETE
511,0.5657147218926379,2026-08-14 09:55:11.166687,2026-08-14 09:55:11.490430,0 days 00:00:00.323743,0.6673656788784526,3,100,1.7365281337783693,0.011255246185477285,0.9351477307177893,COMPLETE
512,0.564366234285075,2026-08-14 09:55:11.505881,2026-08-14 09:55:11.814507,0 days 00:00:00.308626,0.7143344953290813,3,100,3.8784825913360548,0.01052424289057337,0.9770881712636278,COMPLETE
513,0.5894155701883105,2026-08-14 09:55:11.831361,2026-08-14 09:55:12.148482,0 days 00:00:00.317121,0.6586405109535172,3,100,1.497300565594527,0.09738831566363358,0.9446773326998213,COMPLETE
514,0.5656789009497596,2026-08-14 09:55:12.164140,2026-08-14 09:55:12.478983,0 days 00:00:00.314843,0.6377655804921716,3,100,1.97091024474048,0.011946402280740231,0.9638234866605245,COMPLETE
515,0.5700586453991803,2026-08-14 09:55:12.494186,2026-08-14 09:55:13.122689,0 days 00:00:00.628503,0.9435078389660432,3,200,1.5892148665278616,0.01240932083565712,0.9808578218225621,COMPLETE
516,0.5636628684567258,2026-08-14 09:55:13.138978,2026-08-14 09:55:13.459466,0 days 00:00:00.320488,0.6742360575420818,3,100,1.413875599147111,0.010538946816933075,0.9559920777016052,COMPLETE
517,0.5642833867862433,2026-08-14 09:55:13.475246,2026-08-14 09:55:13.808309,0 days 00:00:00.333063,0.7008258488063704,3,100,1.6918417386540674,0.011351552884709992,0.9874578257664031,COMPLETE
518,0.5641001376504968,2026-08-14 09:55:13.824522,2026-08-14 09:55:14.137219,0 days 00:00:00.312697,0.6862436287155391,3,100,1.8011525998159608,0.013236563331595893,0.9730955321139139,COMPLETE
519,0.5639723378023596,2026-08-14 09:55:14.153491,2026-08-14 09:55:14.473410,0 days 00:00:00.319919,0.6938958969061018,3,100,3.26984894941957,0.011936144591578591,0.9662935764159201,COMPLETE
520,0.5646559378812569,2026-08-14 09:55:14.488518,2026-08-14 09:55:14.761994,0 days 00:00:00.273476,0.679573107015327,2,100,1.895702438801156,0.010565407881913675,0.9494696587187271,COMPLETE
521,0.5652552099846619,2026-08-14 09:55:14.779126,2026-08-14 09:55:15.109796,0 days 00:00:00.330670,0.6670491510342242,3,100,1.6551691837916496,0.011162064801533152,0.9951542016407605,COMPLETE
522,0.5639221105162612,2026-08-14 09:55:15.125213,2026-08-14 09:55:15.463185,0 days 00:00:00.337972,0.6887072169400448,3,100,1.5446910348541933,0.01004335035925248,0.9769722847992262,COMPLETE
523,0.574365301233992,2026-08-14 09:55:15.479331,2026-08-14 09:55:16.455909,0 days 00:00:00.976578,0.8793883613905037,3,400,1.7478470465923632,0.01249311956993359,0.9592302251529714,COMPLETE
524,0.5647718751095347,2026-08-14 09:55:16.471220,2026-08-14 09:55:16.783419,0 days 00:00:00.312199,0.7073427576590772,3,100,1.626491313284476,0.011210289203228682,0.9871828139676275,COMPLETE
525,0.5645834347502647,2026-08-14 09:55:16.799654,2026-08-14 09:55:17.128988,0 days 00:00:00.329334,0.6747837502353305,3,100,1.4601588902894362,0.011766046270519075,0.9684322711824358,COMPLETE
526,0.5635330100558813,2026-08-14 09:55:17.145042,2026-08-14 09:55:17.454580,0 days 00:00:00.309538,0.6979643064970242,3,100,1.8505508254973342,0.013855049294548246,0.9401389278029677,COMPLETE
527,0.5636598615599088,2026-08-14 09:55:17.468842,2026-08-14 09:55:17.785841,0 days 00:00:00.316999,0.6823822223837062,3,100,2.1488997756594856,0.010034182317865284,0.9570748293300001,COMPLETE
528,0.5697819809482536,2026-08-14 09:55:17.801330,2026-08-14 09:55:18.124665,0 days 00:00:00.323335,0.6614548145683473,3,100,2.0004857228834276,0.02419347405861328,0.9805188875963067,COMPLETE
529,0.56481911450639,2026-08-14 09:55:18.140613,2026-08-14 09:55:18.462631,0 days 00:00:00.322018,0.6713237425558335,3,100,1.3828213387203279,0.010836861718235452,0.9723066781615266,COMPLETE
530,0.5669552770156506,2026-08-14 09:55:18.478102,2026-08-14 09:55:18.993883,0 days 00:00:00.515781,0.644631428965321,3,200,1.2427998872596866,0.011857608323590623,0.9925903859008325,COMPLETE
531,0.568474188328342,2026-08-14 09:55:19.007207,2026-08-14 09:55:19.528108,0 days 00:00:00.520901,0.6887986864640633,3,200,1.7334803956641338,0.012894560244086091,0.9484786799700877,COMPLETE
532,0.5662740532692461,2026-08-14 09:55:19.542736,2026-08-14 09:55:19.860671,0 days 00:00:00.317935,0.6807312886999789,3,100,1.5604926263585448,0.011030952627313444,0.9629972623751262,COMPLETE
533,0.5643043307471886,2026-08-14 09:55:19.876520,2026-08-14 09:55:20.175438,0 days 00:00:00.298918,0.6974900054019381,2,100,1.818042006886585,0.01071185707603904,0.9851534181766275,COMPLETE
534,0.5657200635714679,2026-08-14 09:55:20.191417,2026-08-14 09:55:20.508901,0 days 00:00:00.317484,0.6556126496743733,3,100,3.5476840965204,0.012183803908352315,0.9698235922849364,COMPLETE
535,0.5646213421901253,2026-08-14 09:55:20.524905,2026-08-14 09:55:20.835862,0 days 00:00:00.310957,0.7128034309871881,3,100,1.632992777239426,0.011516246291313478,0.9770632936670924,COMPLETE
536,0.5637418012760962,2026-08-14 09:55:20.851132,2026-08-14 09:55:21.173174,0 days 00:00:00.322042,0.7833469611960913,3,100,1.4845343915570348,0.010004694539159826,0.9530872877479077,COMPLETE
537,0.5647329906377825,2026-08-14 09:55:21.188644,2026-08-14 09:55:21.506459,0 days 00:00:00.317815,0.668448400256346,3,100,1.728640967317546,0.012955967384631617,0.9626824739116461,COMPLETE
538,0.5643610075605368,2026-08-14 09:55:21.522213,2026-08-14 09:55:21.851657,0 days 00:00:00.329444,0.7207203905228682,3,100,4.404903848041197,0.01066622517959809,0.9860726083060952,COMPLETE
539,0.5659600336765049,2026-08-14 09:55:21.867813,2026-08-14 09:55:22.187887,0 days 00:00:00.320074,0.6908285470020968,3,100,1.9496662213272244,0.011458642337645153,0.8871013601533457,COMPLETE
540,0.5665617329235901,2026-08-14 09:55:22.204959,2026-08-14 09:55:22.522853,0 days 00:00:00.317894,0.6776629772027372,3,100,2.259922470233137,0.01534178365520869,0.9435233080726302,COMPLETE
541,0.5650103421679947,2026-08-14 09:55:22.537164,2026-08-14 09:55:22.850473,0 days 00:00:00.313309,0.705119811671681,3,100,1.6910145586180334,0.011993567674063238,0.9740092058471068,COMPLETE
542,0.5680356353182441,2026-08-14 09:55:22.865832,2026-08-14 09:55:23.201983,0 days 00:00:00.336151,0.996224590300672,3,100,2.4442782385914157,0.019281784514437402,0.9945180635138664,COMPLETE
543,0.566261105363215,2026-08-14 09:55:23.216508,2026-08-14 09:55:23.758196,0 days 00:00:00.541688,0.6847275509435271,3,200,2.795440353021803,0.010633622373035993,0.9548941024521079,COMPLETE
544,0.5650257155347089,2026-08-14 09:55:23.773893,2026-08-14 09:55:24.093350,0 days 00:00:00.319457,0.6741025609151804,3,100,1.533003361145689,0.013525333416094368,0.9316930603388588,COMPLETE
545,0.5615215224485525,2026-08-14 09:55:24.109348,2026-08-14 09:55:24.402677,0 days 00:00:00.293329,0.69552354338102,2,100,1.305557173335793,0.011257415002032452,0.900829401187051,COMPLETE
546,0.5621883011662092,2026-08-14 09:55:24.418821,2026-08-14 09:55:24.712695,0 days 00:00:00.293874,0.6987108292043981,2,100,1.3031438515957565,0.011112890464043406,0.8810995183690955,COMPLETE
547,0.5646411881858063,2026-08-14 09:55:24.729566,2026-08-14 09:55:25.022946,0 days 00:00:00.293380,0.7104834607477101,2,100,1.1723913997117903,0.010046674650738179,0.8767035526573226,COMPLETE
548,0.5646533156420548,2026-08-14 09:55:25.039586,2026-08-14 09:55:25.327029,0 days 00:00:00.287443,0.6994762458025481,2,100,1.3659185887747294,0.011171894184261753,0.8712183388797364,COMPLETE
549,0.5649974137094753,2026-08-14 09:55:25.342380,2026-08-14 09:55:25.631917,0 days 00:00:00.289537,0.7053522120403279,2,100,1.455048691834972,0.010011349643623128,0.8809633454041962,COMPLETE
550,0.5641670314121112,2026-08-14 09:58:12.006741,2026-08-14 09:58:12.410924,0 days 00:00:00.404183,0.6932925149559662,2,100,1.2065163739441302,0.010813463716779501,0.9232111500388117,COMPLETE
551,0.5614655174295098,2026-08-14 09:58:12.433037,2026-08-14 09:58:12.741450,0 days 00:00:00.308413,0.6956257702544432,2,100,1.252926135396958,0.011126877858890818,0.9180862280641765,COMPLETE
552,0.5647279365138106,2026-08-14 09:58:12.757537,2026-08-14 09:58:13.046511,0 days 00:00:00.288974,0.7035762439414784,2,100,1.283606600113187,0.011501668157748899,0.8991331081967999,COMPLETE
553,0.5614982158663712,2026-08-14 09:58:13.062418,2026-08-14 09:58:13.358163,0 days 00:00:00.295745,0.7187084234444285,2,100,1.2930489887334935,0.011041678476215004,0.8934439134962827,COMPLETE
554,0.5657086575753361,2026-08-14 09:58:13.373936,2026-08-14 09:58:13.850891,0 days 00:00:00.476955,0.7142473389096632,2,200,1.1650558586945006,0.010627893950742807,0.9255311485763509,COMPLETE
555,0.5643535339504447,2026-08-14 09:58:13.868289,2026-08-14 09:58:14.188636,0 days 00:00:00.320347,0.7123407848060618,2,100,1.0401862731389917,0.01231792478856091,0.9338172707106214,COMPLETE
556,0.5645866480320707,2026-08-14 09:58:14.207734,2026-08-14 09:58:14.500621,0 days 00:00:00.292887,0.7150860544445096,2,100,1.2205999492176707,0.011450764004236464,0.8884481365363501,COMPLETE
557,0.5607303334167177,2026-08-14 09:58:14.517685,2026-08-14 09:58:14.825327,0 days 00:00:00.307642,0.6910672920367891,2,100,1.3063849405379757,0.010730031049078253,0.925757946411179,COMPLETE
558,0.5650279158187133,2026-08-14 09:58:14.845662,2026-08-14 09:58:15.201404,0 days 00:00:00.355742,0.6863662918700029,2,100,1.3029860407419627,0.01220360042339911,0.9031636472630256,COMPLETE
559,0.5620552666521691,2026-08-14 09:58:15.220154,2026-08-14 09:58:15.543764,0 days 00:00:00.323610,0.7361530399729055,2,100,1.2338116386834908,0.010631812207733305,0.8993456739968098,COMPLETE
560,0.5618125928410482,2026-08-14 09:58:15.560724,2026-08-14 09:58:15.887602,0 days 00:00:00.326878,0.7334609663718531,2,100,1.127060368516993,0.010004618208660424,0.9141243934796304,COMPLETE
561,0.561501646260932,2026-08-14 09:58:15.905190,2026-08-14 09:58:16.241231,0 days 00:00:00.336041,0.7324695817705449,2,100,1.2629845102324941,0.010741482699655932,0.8959288197596856,COMPLETE
562,0.5792700565370368,2026-08-14 09:58:16.257451,2026-08-14 09:58:17.502928,0 days 00:00:01.245477,0.7424188736923776,2,700,1.1173396134863591,0.010486938015846388,0.8994130325036758,COMPLETE
563,0.5621129849935185,2026-08-14 09:58:17.522756,2026-08-14 09:58:17.915359,0 days 00:00:00.392603,0.7563430390578102,2,100,1.2387083649588575,0.010576960432185718,0.9017068316365051,COMPLETE
564,0.5634912308953963,2026-08-14 09:58:17.933833,2026-08-14 09:58:18.308309,0 days 00:00:00.374476,0.7578498119886314,2,100,1.1429453724176417,0.010027116417323144,0.894961779160909,COMPLETE
