number,value,datetime_start,datetime_complete,duration,params_colsample_bylevel,params_depth,params_iterations,params_l2_leaf_reg,params_learning_rate,params_subsample,state
226,0.5638734430337389,2026-08-14 08:58:25.680230,2026-08-14 08:58:25.952471,0 days 00:00:00.272241,0.6827089787672664,3,100,2.124761204853421,0.010058261672830351,0.9335989396789963,COMPLETE
227,0.5659137596616556,2026-08-14 08:58:25.966342,2026-08-14 08:58:26.244155,0 days 00:00:00.277813,0.6969517894300117,3,100,1.7613174396620197,0.03096479757434807,0.9557271299397296,COMPLETE
228,0.5646961850285785,2026-08-14 08:58:26.258795,2026-08-14 08:58:26.530183,0 days 00:00:00.271388,0.6887000464484075,3,100,2.2532995324165115,0.011286550675598474,0.9227462018784754,COMPLETE
229,0.5736394586908223,2026-08-14 08:58:26.543790,2026-08-14 08:58:26.831880,0 days 00:00:00.288090,0.6801216682973831,3,100,1.9547744671035567,0.037280738236135556,0.9289246217640725,COMPLETE
230,0.5641424981749864,2026-08-14 08:58:26.845417,2026-08-14 08:58:27.089808,0 days 00:00:00.244391,0.6700022796055073,2,100,1.8743394445693429,0.010049741754464417,0.9399606097526755,COMPLETE
231,0.5627517266853016,2026-08-14 08:58:27.103630,2026-08-14 08:58:27.378078,0 days 00:00:00.274448,0.6976718530456174,3,100,1.7926059779946533,0.023379325222784318,0.9490829906096054,COMPLETE
232,0.5726411876253382,2026-08-14 08:58:27.392337,2026-08-14 08:58:27.657735,0 days 00:00:00.265398,0.6969822311708113,3,100,2.006178285114379,0.0533610105748807,0.9472067295028416,COMPLETE
233,0.5649677257509065,2026-08-14 08:58:27.670865,2026-08-14 08:58:27.948246,0 days 00:00:00.277381,0.7060835709351501,3,100,1.6831947388073585,0.010782833867137616,0.9591219246024182,COMPLETE
234,0.5625707191557784,2026-08-14 08:58:27.961715,2026-08-14 08:58:28.248196,0 days 00:00:00.286481,0.6892854442019172,3,100,1.804026834725062,0.011388094499743751,0.954090177272299,COMPLETE
235,0.5673530031524726,2026-08-14 08:58:28.262658,2026-08-14 08:58:28.533340,0 days 00:00:00.270682,0.6922130263487128,3,100,1.799889299803641,0.025563787401937953,0.951117178337531,COMPLETE
236,0.5663227231399406,2026-08-14 08:58:28.546608,2026-08-14 08:58:28.817357,0 days 00:00:00.270749,0.6873976846092289,3,100,1.6389558352118392,0.022352251961430657,0.9669096173228625,COMPLETE
237,0.5681813991795217,2026-08-14 08:58:28.830662,2026-08-14 08:58:29.101163,0 days 00:00:00.270501,0.6990371475780688,3,100,1.7330785458440188,0.02417322115200091,0.9390929959094048,COMPLETE
238,0.564543192945551,2026-08-14 08:58:29.114708,2026-08-14 08:58:29.394907,0 days 00:00:00.280199,0.7097044486950099,3,100,1.8570081003290515,0.01084794789348423,0.9493587796599141,COMPLETE
239,0.5631475112699119,2026-08-14 08:58:29.409765,2026-08-14 08:58:29.683507,0 days 00:00:00.273742,0.6931772699653014,3,100,1.9446402787873185,0.010017283728694816,0.9549830960462595,COMPLETE
240,0.5650532144556892,2026-08-14 08:58:29.698473,2026-08-14 08:58:29.980628,0 days 00:00:00.282155,0.6820959533113707,3,100,1.7663314753051669,0.011396354530947162,0.9312610374510182,COMPLETE
241,0.5615532661579937,2026-08-14 08:58:29.994502,2026-08-14 08:58:30.266313,0 days 00:00:00.271811,0.6771625084525598,3,100,1.6249758842841384,0.011889824091565183,0.9641668922843726,COMPLETE
242,0.5607396036702555,2026-08-14 08:58:30.279781,2026-08-14 08:58:30.544161,0 days 00:00:00.264380,0.6734786553091902,3,100,1.557853416162882,0.011146984237521773,0.9615857998433404,COMPLETE
243,0.5660543985975253,2026-08-14 08:58:30.557252,2026-08-14 08:58:30.823607,0 days 00:00:00.266355,0.6698229770909229,3,100,1.5314302663457995,0.02774326056409941,0.96641046530194,COMPLETE
244,0.565378126911384,2026-08-14 08:58:30.838359,2026-08-14 08:58:31.109806,0 days 00:00:00.271447,0.6878346680042884,3,100,1.5960348430024678,0.011569771969348944,0.9609698514648986,COMPLETE
245,0.5636430827397261,2026-08-14 08:58:31.124204,2026-08-14 08:58:31.399730,0 days 00:00:00.275526,0.7010423713092064,3,100,1.4439457109553733,0.012323362571028599,0.9704972873976765,COMPLETE
246,0.5610360782590977,2026-08-14 08:58:31.413617,2026-08-14 08:58:31.684089,0 days 00:00:00.270472,0.6734549416008563,3,100,1.6361543251257054,0.011171588335771691,0.9574111567948198,COMPLETE
247,0.5610817282840125,2026-08-14 08:58:31.698485,2026-08-14 08:58:31.963230,0 days 00:00:00.264745,0.6735730518163696,3,100,1.61987814506384,0.011187488413689007,0.9598069607671789,COMPLETE
248,0.5642263739256699,2026-08-14 08:58:31.976989,2026-08-14 08:58:32.251082,0 days 00:00:00.274093,0.6653050485572803,3,100,1.5696920689192106,0.011331565549886508,0.9586568993383711,COMPLETE
249,0.5649758071547918,2026-08-14 08:58:32.265454,2026-08-14 08:58:32.543299,0 days 00:00:00.277845,0.6678739068956702,3,100,1.6350724242611716,0.011047121072488427,0.9566632121330388,COMPLETE
250,0.5604095738476734,2026-08-14 09:09:52.897286,2026-08-14 09:09:53.240632,0 days 00:00:00.343346,0.6723541494189661,3,100,1.661263180370634,0.011574231934845655,0.9655116635079395,COMPLETE
251,0.5655507198960095,2026-08-14 09:09:53.262878,2026-08-14 09:09:53.528635,0 days 00:00:00.265757,0.6618137166560856,3,100,1.502844482528357,0.011789218197573467,0.9736060895129338,COMPLETE
252,0.5639980607066988,2026-08-14 09:09:53.542489,2026-08-14 09:09:53.799895,0 days 00:00:00.257406,0.6746093331113528,3,100,1.6645930319130524,0.01065299958448595,0.9650728331943432,COMPLETE
253,0.5640248820881012,2026-08-14 09:09:53.812911,2026-08-14 09:09:54.076460,0 days 00:00:00.263549,0.6740527618983676,3,100,1.5731240760690808,0.011348831833864018,0.9638188228564495,COMPLETE
254,0.5643973277091823,2026-08-14 09:09:54.089908,2026-08-14 09:09:54.352890,0 days 00:00:00.262982,0.6765766993852792,3,100,1.7036765612248583,0.012547602081962136,0.9747096856290658,COMPLETE
255,0.5643498692861304,2026-08-14 09:09:54.366752,2026-08-14 09:09:54.595560,0 days 00:00:00.228808,0.6720097344649916,2,100,1.4169124502828518,0.010790552938822792,0.9818654347817114,COMPLETE
256,0.5640120839370223,2026-08-14 09:09:54.608672,2026-08-14 09:09:54.866556,0 days 00:00:00.257884,0.6853211476620231,3,100,1.6295083851408054,0.01185746970297296,0.9574238447100339,COMPLETE
257,0.5645371522729723,2026-08-14 09:09:54.879925,2026-08-14 09:09:55.147836,0 days 00:00:00.267911,0.6644754797375634,3,100,1.5025312800160893,0.010578957588703074,0.9711462616422086,COMPLETE
258,0.5903536074895014,2026-08-14 09:09:55.161674,2026-08-14 09:09:56.963949,0 days 00:00:01.802275,0.6852916215280997,3,1000,1.850886195795852,0.011352636907589373,0.9675757638839977,COMPLETE
259,0.5634172392685848,2026-08-14 09:09:56.977834,2026-08-14 09:09:57.238347,0 days 00:00:00.260513,0.6786406657680494,3,100,1.6895213175102695,0.012880153020085399,0.9550830185757102,COMPLETE
260,0.5678975889661907,2026-08-14 09:09:57.251303,2026-08-14 09:09:57.813723,0 days 00:00:00.562420,0.690317332310649,3,200,1.5983860147756674,0.010005386876192712,0.9788908484373013,COMPLETE
261,0.5660498967244691,2026-08-14 09:09:57.827705,2026-08-14 09:09:58.101143,0 days 00:00:00.273438,0.6607888194546083,3,100,1.7699220960348958,0.011917058246250426,0.9618340912385319,COMPLETE
262,0.5644510171326251,2026-08-14 09:09:58.114741,2026-08-14 09:09:58.392506,0 days 00:00:00.277765,0.6744979736932447,3,100,1.5269342061303646,0.010695880378144111,0.9921924088283897,COMPLETE
263,0.5643664778705446,2026-08-14 09:09:58.407227,2026-08-14 09:09:58.683510,0 days 00:00:00.276283,0.6850173824457629,3,100,1.7131585892756704,0.011247325059287891,0.9443722779627831,COMPLETE
264,0.5697264864595226,2026-08-14 09:09:58.698348,2026-08-14 09:09:59.002196,0 days 00:00:00.303848,0.7038404262664965,3,100,1.8303881803069237,0.03717396878687356,0.9746685497389533,COMPLETE
265,0.5642036574283706,2026-08-14 09:09:59.016454,2026-08-14 09:09:59.308495,0 days 00:00:00.292041,0.6690572619351011,3,100,1.6551896326137898,0.01288937019549172,0.9836114745999134,COMPLETE
266,0.5627910903309952,2026-08-14 09:09:59.323763,2026-08-14 09:09:59.643074,0 days 00:00:00.319311,0.6921201021408923,3,100,1.9240082599184767,0.012114423965993333,0.9547586287181135,COMPLETE
267,0.5643202718249352,2026-08-14 09:09:59.657041,2026-08-14 09:09:59.922234,0 days 00:00:00.265193,0.6816373443548441,2,100,1.7967743738326458,0.010641147229984436,0.9664468006432652,COMPLETE
268,0.564621264119433,2026-08-14 09:09:59.937371,2026-08-14 09:10:00.259787,0 days 00:00:00.322416,0.7742609142933122,3,100,1.3779200153669053,0.010014520469615115,0.9893267707850494,COMPLETE
269,0.5960768538130929,2026-08-14 09:10:00.274357,2026-08-14 09:10:00.841649,0 days 00:00:00.567292,0.6740952589336673,3,200,2.033991079699905,0.07042562580906535,0.9623048058179849,COMPLETE
270,0.5647919199364121,2026-08-14 09:10:00.856852,2026-08-14 09:10:01.191397,0 days 00:00:00.334545,0.8966322166202775,3,100,1.5882851249414185,0.011310157630442595,0.9452290121127433,COMPLETE
271,0.5733386220306345,2026-08-14 09:10:01.205499,2026-08-14 09:10:02.287660,0 days 00:00:01.082161,0.7108533448535401,3,400,1.8860217938711354,0.012123808841212133,0.9141295477131848,COMPLETE
272,0.5621335641944054,2026-08-14 09:10:02.301323,2026-08-14 09:10:02.603490,0 days 00:00:00.302167,0.6913127840929149,3,100,1.6981910933737108,0.01073123554133486,0.9770390935426468,COMPLETE
273,0.5658552652562009,2026-08-14 09:10:02.617240,2026-08-14 09:10:02.896427,0 days 00:00:00.279187,0.66405194524426,3,100,1.7380700477192434,0.013584625670753922,0.977667974170467,COMPLETE
274,0.5650915235905236,2026-08-14 09:10:02.909982,2026-08-14 09:10:03.204912,0 days 00:00:00.294930,0.7002857694014686,3,100,1.6670059626846532,0.011238597064095171,0.9838004607483254,COMPLETE
275,0.5655539222403674,2026-08-14 09:10:03.219579,2026-08-14 09:10:03.569527,0 days 00:00:00.349948,0.6815080362968403,3,100,1.8110327494317218,0.01288827086036738,0.6381864683706823,COMPLETE
276,0.5640174489831508,2026-08-14 09:10:03.583824,2026-08-14 09:10:03.855179,0 days 00:00:00.271355,0.7602395178775518,3,100,2.1111692264798485,0.011942294027716386,0.9986998153358397,COMPLETE
277,0.5647488032655729,2026-08-14 09:10:03.868654,2026-08-14 09:10:04.142176,0 days 00:00:00.273522,0.6896562675778558,3,100,1.7334058172783238,0.010732564447455075,0.9723477512466967,COMPLETE
278,0.5614832192275137,2026-08-14 09:10:04.155775,2026-08-14 09:10:04.425982,0 days 00:00:00.270207,0.6728629032890879,3,100,1.9363743442191084,0.011301113477735056,0.9528283586772395,COMPLETE
279,0.5761967432288475,2026-08-14 09:10:04.439969,2026-08-14 09:10:04.710376,0 days 00:00:00.270407,0.6602873342385945,3,100,1.9874907237604256,0.0441083283270277,0.9516805761959305,COMPLETE
280,0.5646135865867207,2026-08-14 09:10:04.723527,2026-08-14 09:10:04.961096,0 days 00:00:00.237569,0.671999778773406,2,100,1.8853774824907428,0.010686905191269521,0.9914464622183814,COMPLETE
281,0.5674417355517978,2026-08-14 09:10:04.975254,2026-08-14 09:10:05.446170,0 days 00:00:00.470916,0.6757069969628219,3,200,1.473166083936875,0.012170103451687732,0.980934437402799,COMPLETE
282,0.5632370755476894,2026-08-14 09:10:05.459731,2026-08-14 09:10:05.737434,0 days 00:00:00.277703,0.6825338088711134,3,100,9.54334854357567,0.011494500283959319,0.9387369267743685,COMPLETE
283,0.563551226473602,2026-08-14 09:10:05.751424,2026-08-14 09:10:06.021656,0 days 00:00:00.270232,0.6677068892374227,3,100,2.073266705992674,0.01069603098410359,0.9999644561845461,COMPLETE
284,0.5623226539267687,2026-08-14 09:10:06.035102,2026-08-14 09:10:06.307040,0 days 00:00:00.271938,0.6786249578344382,3,100,1.6422113963786173,0.012680861827628164,0.9707789524342973,COMPLETE
285,0.562119408635156,2026-08-14 09:10:06.320632,2026-08-14 09:10:06.590338,0 days 00:00:00.269706,0.678277761745435,3,100,1.6442991411731924,0.011129582833691582,0.9694676505783667,COMPLETE
286,0.565932168451616,2026-08-14 09:10:06.604209,2026-08-14 09:10:06.872702,0 days 00:00:00.268493,0.6587573633344588,3,100,1.6274682339181132,0.01000919349133768,0.9721253291301715,COMPLETE
287,0.5639606918023292,2026-08-14 09:10:06.885920,2026-08-14 09:10:07.155296,0 days 00:00:00.269376,0.6778889527314433,3,100,1.5746227046358816,0.010618313267190508,0.9686558527708039,COMPLETE
288,0.5646263216319911,2026-08-14 09:10:07.169629,2026-08-14 09:10:07.439531,0 days 00:00:00.269902,0.6683093007010648,3,100,1.6744940112820128,0.012425658821971908,0.977530770744308,COMPLETE
289,0.5674829535481659,2026-08-14 09:10:07.453010,2026-08-14 09:10:07.917344,0 days 00:00:00.464334,0.6753526724394833,3,200,8.595728511458201,0.011331034729469051,0.9627770517367641,COMPLETE
290,0.5658451696184355,2026-08-14 09:10:07.931285,2026-08-14 09:10:08.205523,0 days 00:00:00.274238,0.6858312371880474,3,100,1.486144043265296,0.01343809748290659,0.970678312162503,COMPLETE
291,0.5658260472238206,2026-08-14 09:10:08.219278,2026-08-14 09:10:08.494061,0 days 00:00:00.274783,0.6816191151110976,3,100,1.5604360432513522,0.011969450776157764,0.9843367754899671,COMPLETE
292,0.5636515255979673,2026-08-14 09:10:08.508308,2026-08-14 09:10:08.783706,0 days 00:00:00.275398,0.6703865595617058,3,100,1.709512401800665,0.010630145675786169,0.9592590163590925,COMPLETE
293,0.5649277072160427,2026-08-14 09:10:08.797882,2026-08-14 09:10:09.080544,0 days 00:00:00.282662,0.7005907180167688,3,100,1.6502313740290102,0.011128718381876273,0.9467339925949272,COMPLETE
294,0.5864673185129173,2026-08-14 09:10:09.186699,2026-08-14 09:10:10.455189,0 days 00:00:01.268490,0.6624850562593341,3,700,1.522841294056457,0.01237074747174368,0.9757129817895321,COMPLETE
295,0.5645017087636588,2026-08-14 09:10:10.468264,2026-08-14 09:10:10.738490,0 days 00:00:00.270226,0.69005908188807,3,100,1.9173275405541172,0.01000406452145537,0.9666861852573171,COMPLETE
296,0.5622279783538289,2026-08-14 09:10:10.751613,2026-08-14 09:10:11.013012,0 days 00:00:00.261399,0.6780872030015834,3,100,1.7486931801316008,0.011665278766288109,0.9578191797628377,COMPLETE
297,0.5655719649419382,2026-08-14 09:10:11.025828,2026-08-14 09:10:11.266502,0 days 00:00:00.240674,0.6768040498142026,2,100,1.6401379323701732,0.012698028528170537,0.9521803147681459,COMPLETE
298,0.5633354775980013,2026-08-14 09:10:11.280122,2026-08-14 09:10:11.553376,0 days 00:00:00.273254,0.6680553110804934,3,100,1.7308599488462868,0.011774343514947196,0.9383451233809258,COMPLETE
299,0.5673883823823812,2026-08-14 09:10:11.566803,2026-08-14 09:10:12.022578,0 days 00:00:00.455775,0.6582960181789079,3,200,1.8708232741858162,0.010623654559420355,0.9571280838477705,COMPLETE
300,0.584521411604091,2026-08-14 09:16:53.216082,2026-08-14 09:16:53.558093,0 days 00:00:00.342011,0.6504684677870144,3,100,1.6009183876865336,0.09221962278251515,0.9461486536376503,COMPLETE
301,0.5636007755528609,2026-08-14 09:16:53.575899,2026-08-14 09:16:53.833293,0 days 00:00:00.257394,0.6803718316309472,3,100,1.4550548592800883,0.014162983185555094,0.9237509084514591,COMPLETE
302,0.5640507210072152,2026-08-14 09:16:53.847668,2026-08-14 09:16:54.110887,0 days 00:00:00.263219,0.6748846252471595,3,100,1.785906408400777,0.011223105935038771,0.962029475199298,COMPLETE
303,0.5662369461236881,2026-08-14 09:16:54.124158,2026-08-14 09:16:54.396396,0 days 00:00:00.272238,0.693357657657356,3,100,1.5470250488613007,0.013232490715231115,0.930948361805013,COMPLETE
304,0.5838752898816988,2026-08-14 09:16:54.409513,2026-08-14 09:16:55.978774,0 days 00:00:01.569261,0.6827807575007038,3,900,2.003256365096338,0.010001636682091426,0.9881706530069189,COMPLETE
305,0.5658551203097191,2026-08-14 09:16:55.992442,2026-08-14 09:16:56.274199,0 days 00:00:00.281757,0.7058091535515316,3,100,1.2818251085652068,0.011808098488931577,0.954159140410243,COMPLETE
306,0.5646055058707058,2026-08-14 09:16:56.287235,2026-08-14 09:16:56.519496,0 days 00:00:00.232261,0.6669701265504008,2,100,1.6966631220444026,0.010637770373658095,0.9790584929674955,COMPLETE
307,0.5687162339262224,2026-08-14 09:16:56.532552,2026-08-14 09:16:56.999832,0 days 00:00:00.467280,0.6963726061913231,3,200,1.9306174698478011,0.01192217650659136,0.9663175374269138,COMPLETE
308,0.5635006662382793,2026-08-14 09:16:57.012907,2026-08-14 09:16:57.278771,0 days 00:00:00.265864,0.6863566689415473,3,100,1.6344982453969747,0.01096412220802193,0.9456481703102355,COMPLETE
309,0.5659037909695027,2026-08-14 09:16:57.291934,2026-08-14 09:16:57.551619,0 days 00:00:00.259685,0.6737035052950027,3,100,2.1887244530153263,0.012753295020306426,0.9612749412713251,COMPLETE
310,0.566289319396491,2026-08-14 09:16:57.564145,2026-08-14 09:16:57.829560,0 days 00:00:00.265415,0.6599599183761639,3,100,1.8121189246824398,0.010578881279036449,0.9834238932362862,COMPLETE
311,0.5622149007182026,2026-08-14 09:16:57.843218,2026-08-14 09:16:58.106126,0 days 00:00:00.262908,0.6815635943508024,3,100,1.7396842304110365,0.011705531973898732,0.9722188247157235,COMPLETE
312,0.5654998024949436,2026-08-14 09:16:58.120990,2026-08-14 09:16:58.387595,0 days 00:00:00.266605,0.6787620182721926,3,100,1.7204756328522022,0.013858075076281307,0.974178065119053,COMPLETE
313,0.5653214992314421,2026-08-14 09:16:58.401033,2026-08-14 09:16:58.673458,0 days 00:00:00.272425,0.7150599444455957,3,100,1.5320806549382089,0.012626635627737375,0.9881378323236492,COMPLETE
314,0.5757976009516999,2026-08-14 09:16:58.686688,2026-08-14 09:16:59.630011,0 days 00:00:00.943323,0.6693830830767684,3,500,1.6356624519180945,0.011454158022159232,0.9694740124497228,COMPLETE
315,0.5662191789898045,2026-08-14 09:16:59.642971,2026-08-14 09:16:59.903718,0 days 00:00:00.260747,0.6533501526178012,3,100,1.7008498083536905,0.011925524609418724,0.9806111897772636,COMPLETE
316,0.5631833708328531,2026-08-14 09:16:59.916555,2026-08-14 09:17:00.180333,0 days 00:00:00.263778,0.6828215826344952,3,100,1.7630415221881954,0.013217891451337024,0.9737494795320227,COMPLETE
317,0.5646679664226669,2026-08-14 09:17:00.192965,2026-08-14 09:17:00.417265,0 days 00:00:00.224300,0.6662054058251827,2,100,1.5540442228844076,0.01137695968062805,0.9646653167752102,COMPLETE
318,0.5657387321846653,2026-08-14 09:17:00.429930,2026-08-14 09:17:00.692268,0 days 00:00:00.262338,0.6754280818256763,3,100,1.3974453430178215,0.012521911813567179,0.9898182348330355,COMPLETE
319,0.5618801037080133,2026-08-14 09:17:00.706062,2026-08-14 09:17:00.979656,0 days 00:00:00.273594,0.6973596346416082,3,100,1.8694950309180338,0.011073285269393236,0.959712849410252,COMPLETE
320,0.5644596931300274,2026-08-14 09:17:00.992776,2026-08-14 09:17:01.270016,0 days 00:00:00.277240,0.7031318867000947,3,100,1.837354683472061,0.0108571657020756,0.9560708950018165,COMPLETE
321,0.5628036728356431,2026-08-14 09:17:01.370756,2026-08-14 09:17:01.648609,0 days 00:00:00.277853,0.6964691842858318,3,100,1.6035807916856897,0.01113155861562517,0.9581966077260975,COMPLETE
322,0.563932217805158,2026-08-14 09:17:01.663082,2026-08-14 09:17:01.941702,0 days 00:00:00.278620,0.7104871985451706,3,100,1.6995542056758575,0.010459304869476984,0.9513976184341935,COMPLETE
323,0.5672248744525781,2026-08-14 09:17:01.954795,2026-08-14 09:17:02.415041,0 days 00:00:00.460246,0.6830368081509856,3,200,9.365263963550225,0.011664574482324183,0.9395148623556969,COMPLETE
324,0.568167457950316,2026-08-14 09:17:02.428517,2026-08-14 09:17:02.886124,0 days 00:00:00.457607,0.6619761712250622,3,200,1.7624341668014627,0.010688467762838197,0.964603707509208,COMPLETE
325,0.5627038361066321,2026-08-14 09:17:02.899194,2026-08-14 09:17:03.167545,0 days 00:00:00.268351,0.694413341528984,3,100,1.6470796251974722,0.011772780547228062,0.9712083129934322,COMPLETE
326,0.56150991107495,2026-08-14 09:17:03.181349,2026-08-14 09:17:03.450708,0 days 00:00:00.269359,0.6729566982448513,3,100,1.4804048716199683,0.011307974605055728,0.9617678743729171,COMPLETE
327,0.5643417500776614,2026-08-14 09:17:03.463295,2026-08-14 09:17:03.727274,0 days 00:00:00.263979,0.6686131557480546,3,100,1.4464265118177662,0.01004198101774275,0.9637044057248988,COMPLETE
328,0.564330117547853,2026-08-14 09:17:03.740562,2026-08-14 09:17:04.001048,0 days 00:00:00.260486,0.6541148904710291,3,100,1.5341744978377154,0.010973475919903244,0.9773346668776669,COMPLETE
329,0.5635061009195417,2026-08-14 09:17:04.014110,2026-08-14 09:17:04.278970,0 days 00:00:00.264860,0.6733758371842397,3,100,1.504368234039215,0.010658920672211209,0.9677874365876549,COMPLETE
330,0.5625753420784282,2026-08-14 09:17:04.292023,2026-08-14 09:17:04.557573,0 days 00:00:00.265550,0.6462412883108246,3,100,1.3908956242133248,0.01225172414601597,0.9932925452959244,COMPLETE
331,0.5654182748114438,2026-08-14 09:17:04.571088,2026-08-14 09:17:04.829085,0 days 00:00:00.257997,0.6782505453982306,3,100,1.5941852305834407,0.011266367561464678,0.9068609933961577,COMPLETE
332,0.5630494372067212,2026-08-14 09:17:04.842778,2026-08-14 09:17:05.107652,0 days 00:00:00.264874,0.6621899036098253,3,100,7.734129536257663,0.01328034558644141,0.9570069896274408,COMPLETE
333,0.5982186180084101,2026-08-14 09:17:05.121229,2026-08-14 09:17:05.392509,0 days 00:00:00.271280,0.684244259524859,3,100,1.8300523997393965,0.14196499396186,0.9813131516771865,COMPLETE
334,0.564482122550826,2026-08-14 09:17:05.404948,2026-08-14 09:17:05.635734,0 days 00:00:00.230786,0.6725081121588283,2,100,1.4687698389979602,0.01041060069248777,0.9717077324428482,COMPLETE
335,0.5649434426283012,2026-08-14 09:17:05.649836,2026-08-14 09:17:05.914559,0 days 00:00:00.264723,0.6816324280535714,3,100,1.6449619314010622,0.011223265178016289,0.9434303859365087,COMPLETE
336,0.5652108176724125,2026-08-14 09:17:05.928154,2026-08-14 09:17:06.183530,0 days 00:00:00.255376,0.6002436585230884,3,100,7.12410888028621,0.010002988867504767,0.9626328105085695,COMPLETE
337,0.565470881756015,2026-08-14 09:17:06.196440,2026-08-14 09:17:06.452205,0 days 00:00:00.255765,0.6669945323789939,3,100,1.7612812530601023,0.012147416415506701,0.9846617571214076,COMPLETE
338,0.5653202999097516,2026-08-14 09:17:06.465461,2026-08-14 09:17:06.722326,0 days 00:00:00.256865,0.6571974855186016,3,100,1.8701577687552107,0.011174739158432154,0.9517021618672709,COMPLETE
