number,value,datetime_start,datetime_complete,duration,params_colsample_bytree,params_learning_rate,params_max_depth,params_min_child_weight,params_n_estimators,params_reg_alpha,params_reg_lambda,params_subsample,state
0,0.5881700128187708,2026-08-14 06:21:37.890114,2026-08-14 06:21:38.894191,0 days 00:00:01.004077,0.8955907635157867,0.07553429677036438,3,10,1000,6.768540405722293,0.7476727960619611,0.8167824659671408,COMPLETE
1,0.7146169185275582,2026-08-14 06:21:38.916811,2026-08-14 06:21:39.291198,0 days 00:00:00.374387,0.8089353468655788,0.2986720807894285,3,6,200,0.006073819921653379,0.022342312894449462,0.7903743699134097,COMPLETE
2,0.5699663294851736,2026-08-14 06:21:39.308902,2026-08-14 06:21:39.887122,0 days 00:00:00.578220,0.630493510283774,0.014838772277097602,1,8,600,6.613622703794518,1.645179952961884,0.8356559126442217,COMPLETE
3,0.7082861422408515,2026-08-14 06:21:39.909500,2026-08-14 06:21:41.219250,0 days 00:00:01.309750,0.8609524858170559,0.18402240232528133,3,8,1000,0.016461269354670238,3.615272938848187,0.9690017267874507,COMPLETE
4,0.6876890026407839,2026-08-14 06:21:41.238446,2026-08-14 06:21:41.977325,0 days 00:00:00.738879,0.7341929240510978,0.17970575851972886,3,5,500,0.004828295686190495,0.8082777627806311,0.8829750687820372,COMPLETE
5,0.7073222727490068,2026-08-14 06:21:41.991243,2026-08-14 06:21:42.899078,0 days 00:00:00.907835,0.9178575707646808,0.12313134616253087,3,3,600,0.021733406151222358,0.03664189993644197,0.7211060478724642,COMPLETE
6,0.6262471068417378,2026-08-14 06:21:42.919764,2026-08-14 06:21:43.458323,0 days 00:00:00.538559,0.770965477823461,0.12646817804578242,3,1,400,3.6544225705962257,1.5078428797527783,0.6247203594726524,COMPLETE
7,0.620895394305264,2026-08-14 06:21:43.472673,2026-08-14 06:21:44.385586,0 days 00:00:00.912913,0.9742837214368613,0.17865145425946216,3,5,900,3.844391103467162,0.28380660312943234,0.8341792524526763,COMPLETE
8,0.6378689467494347,2026-08-14 06:21:44.399563,2026-08-14 06:21:45.323890,0 days 00:00:00.924327,0.9125298437056715,0.02560906613325761,1,7,1000,0.35522571134648606,0.2536482440177784,0.7138049576878059,COMPLETE
9,0.5710230515324912,2026-08-14 06:21:45.337705,2026-08-14 06:21:46.159544,0 days 00:00:00.821839,0.8903217686367753,0.010027660719928543,1,6,900,6.486870116682382,0.0012197915305101781,0.743032842715192,COMPLETE
10,0.59348254883078,2026-08-14 06:21:46.176360,2026-08-14 06:21:46.415789,0 days 00:00:00.239429,0.6049235548940324,0.037907991831952106,2,9,100,0.28512097344860177,0.0010416076257569967,0.9255578223314345,COMPLETE
11,0.5948077308079854,2026-08-14 06:21:46.432423,2026-08-14 06:21:47.136126,0 days 00:00:00.703703,0.6423890199428101,0.010063776618435974,1,7,700,0.7172167518601815,0.0014286801459289548,0.7221742287870581,COMPLETE
12,0.5973068529548549,2026-08-14 06:21:47.152025,2026-08-14 06:21:47.907005,0 days 00:00:00.754980,0.7048393976396053,0.010645821754654946,1,4,800,1.0833467962480863,0.00875038877354752,0.630282073424613,COMPLETE
13,0.5682745198652464,2026-08-14 06:21:47.921006,2026-08-14 06:21:48.384673,0 days 00:00:00.463667,0.9984185735340955,0.018966388284969365,2,8,400,8.707046690128918,5.4912771432402945,0.7768091731443536,COMPLETE
14,0.5925925049958222,2026-08-14 06:21:48.404470,2026-08-14 06:21:48.848616,0 days 00:00:00.444146,0.9745643843813202,0.02140257098633775,2,10,300,1.4334958267076026,7.725068082286162,0.8681537115946363,COMPLETE
15,0.5662050103051754,2026-08-14 06:21:48.864732,2026-08-14 06:21:49.388659,0 days 00:00:00.523927,0.6694310567921296,0.018626924129224707,2,8,500,9.449196570805016,7.012863589339069,0.7834345301594623,COMPLETE
16,0.6357778719970931,2026-08-14 06:21:49.409365,2026-08-14 06:21:49.957215,0 days 00:00:00.547850,0.6886688103743114,0.04289817788364975,2,8,400,0.10851688618656187,7.320460027325642,0.7699900300470389,COMPLETE
17,0.5998098652783727,2026-08-14 06:21:49.971629,2026-08-14 06:21:50.510927,0 days 00:00:00.539298,0.8191674998499561,0.01924929025397347,2,9,400,1.652094817720461,3.8966615629617167,0.6617564779063347,COMPLETE
18,0.6068637458547095,2026-08-14 06:21:50.529111,2026-08-14 06:21:50.863494,0 days 00:00:00.334383,0.7566129151740949,0.03709604049017508,2,9,200,0.0015139704307532834,9.996302591871402,0.6754171948004436,COMPLETE
19,0.6305878779972909,2026-08-14 06:21:50.880293,2026-08-14 06:21:51.618855,0 days 00:00:00.738562,0.995058489447488,0.05152285211934971,2,7,600,2.440921896716935,0.18984941803210595,0.7753199283354396,COMPLETE
20,0.5690288449017648,2026-08-14 06:21:51.633139,2026-08-14 06:21:52.167370,0 days 00:00:00.534231,0.8322977333012141,0.026919623052571326,2,1,500,9.101657986016356,3.3728472935169123,0.8832547682599993,COMPLETE
21,0.5675645513628587,2026-08-14 06:21:52.181850,2026-08-14 06:21:52.694815,0 days 00:00:00.512965,0.8207275870681472,0.028563776571178555,2,1,500,9.67190484784107,2.487862647318607,0.8937930052450975,COMPLETE
22,0.5922912262276807,2026-08-14 06:21:52.713164,2026-08-14 06:21:53.369898,0 days 00:00:00.656734,0.9439764960847508,0.01578275513795338,2,2,500,3.2624683542399238,1.793910389470442,0.9840417854666033,COMPLETE
23,0.5665893359561796,2026-08-14 06:21:53.388063,2026-08-14 06:21:53.748920,0 days 00:00:00.360857,0.670280805231986,0.030153201244248286,2,3,300,9.31174506634497,0.6992495210510087,0.9302652618574834,COMPLETE
24,0.6387909922380636,2026-08-14 06:21:53.763258,2026-08-14 06:21:54.193818,0 days 00:00:00.430560,0.6919097005141982,0.05291478939958315,2,2,300,0.5072526098934793,0.5859060002498789,0.937977756587213,COMPLETE
25,0.6020111865808436,2026-08-14 06:21:54.208145,2026-08-14 06:21:54.628625,0 days 00:00:00.420480,0.6512447652623774,0.03162148495616221,2,3,300,2.7949011108899278,0.09614176752641708,0.9227013602829713,COMPLETE
26,0.6785374275385577,2026-08-14 06:21:54.643833,2026-08-14 06:21:55.507702,0 days 00:00:00.863869,0.7889641255832972,0.06491714444159197,2,2,700,0.15199243398997878,2.0157711057708907,0.9546851918123354,COMPLETE
27,0.5639960652484527,2026-08-14 06:21:55.521957,2026-08-14 06:21:55.742286,0 days 00:00:00.220329,0.7260067064302533,0.014024742066980267,2,3,100,9.38925715329777,0.4455067868622902,0.8937753145095432,COMPLETE
28,0.5710237300396257,2026-08-14 06:21:55.764157,2026-08-14 06:21:56.007677,0 days 00:00:00.243520,0.722690072727523,0.014087801196335322,1,4,100,1.002970833314792,0.07592809966795068,0.9972193538454573,COMPLETE
29,0.5728775333622029,2026-08-14 06:21:56.024755,2026-08-14 06:21:56.375799,0 days 00:00:00.351044,0.6631583511619165,0.013050989652377675,2,4,200,5.252246353597385,0.6769090461264297,0.8190276461692186,COMPLETE
30,0.580777948943577,2026-08-14 06:21:56.391702,2026-08-14 06:21:56.629490,0 days 00:00:00.237788,0.6675536436152133,0.023153943960399746,2,3,100,2.2829045076551786,0.4096203653544597,0.8993033781034185,COMPLETE
31,0.5657524279824446,2026-08-14 06:21:56.644251,2026-08-14 06:21:57.014021,0 days 00:00:00.369770,0.6023716573928107,0.03146401388205833,2,1,300,9.735079283894372,1.0855584970619674,0.8627763723916716,COMPLETE
32,0.5773500198668529,2026-08-14 06:21:57.027852,2026-08-14 06:21:57.370318,0 days 00:00:00.342466,0.6092978330385594,0.017975937808861336,2,2,200,4.875226087410191,1.056239018956786,0.8617504684778767,COMPLETE
33,0.5651141549376744,2026-08-14 06:21:57.384629,2026-08-14 06:21:57.744289,0 days 00:00:00.359660,0.625021173087652,0.032469490125898066,2,5,300,9.985991446550566,0.11881762090906427,0.8522088534217847,COMPLETE
34,0.5718358266284504,2026-08-14 06:21:57.759271,2026-08-14 06:21:58.084853,0 days 00:00:00.325582,0.62787291645814,0.016259738797235284,2,5,200,5.847729215411924,0.12385939991610413,0.805132787722574,COMPLETE
35,0.6086846770985896,2026-08-14 06:21:58.099384,2026-08-14 06:21:58.357649,0 days 00:00:00.258265,0.6024305595241417,0.07529065855805087,3,6,100,1.8811777913645247,0.03403310064037496,0.8525394943756861,COMPLETE
36,0.5787823649449012,2026-08-14 06:21:58.371869,2026-08-14 06:21:58.814353,0 days 00:00:00.442484,0.6296971676933834,0.012736060321875246,2,6,300,4.26625102196771,0.01461138438743861,0.8390954453636598,COMPLETE
37,0.5790022929451135,2026-08-14 06:21:58.829100,2026-08-14 06:21:59.200754,0 days 00:00:00.371654,0.7341411204702464,0.022124803305011976,3,4,200,5.611989893766833,0.37149919516810315,0.816892176768533,COMPLETE
38,0.5910411949012877,2026-08-14 06:21:59.216499,2026-08-14 06:21:59.673656,0 days 00:00:00.457157,0.7143395440599221,0.037144460844012156,1,1,400,3.474530578197658,1.0994161472338315,0.9038189446603715,COMPLETE
39,0.5700657081802663,2026-08-14 06:21:59.688256,2026-08-14 06:22:00.283987,0 days 00:00:00.595731,0.6808142210430987,0.04778242887658685,3,5,600,9.977607010520545,0.17816179373717594,0.7960548489626085,COMPLETE
40,0.5912992054462244,2026-08-14 06:22:00.298291,2026-08-14 06:22:00.845513,0 days 00:00:00.547222,0.7614979387655223,0.1032166800092804,2,2,500,5.732771271214997,0.0797460977903998,0.7537230644101971,COMPLETE
41,0.5652932881391206,2026-08-14 06:22:00.860636,2026-08-14 06:22:01.225125,0 days 00:00:00.364489,0.6627471087722554,0.03172036235175572,2,3,300,9.828395912280616,0.600325394453423,0.9453985641767187,COMPLETE
42,0.5949357083723817,2026-08-14 06:22:01.240627,2026-08-14 06:22:01.680895,0 days 00:00:00.440268,0.6451877725569987,0.031596792195102266,2,3,300,3.586120636428911,0.45643626160035294,0.9594915043599703,COMPLETE
43,0.576854457270052,2026-08-14 06:22:01.694690,2026-08-14 06:22:02.169750,0 days 00:00:00.475060,0.6223619299093015,0.02491937439997371,2,3,400,6.428785049833363,0.04987961142797486,0.9115033485119641,COMPLETE
44,0.5964578871067815,2026-08-14 06:22:02.183869,2026-08-14 06:22:02.532321,0 days 00:00:00.348452,0.6512124616536442,0.03546005392973315,2,4,200,2.531860324894996,0.24976061191333854,0.8742680034219509,COMPLETE
45,0.5668268356980517,2026-08-14 06:22:02.546119,2026-08-14 06:22:02.780609,0 days 00:00:00.234490,0.6979393616551977,0.01182848604561146,2,5,100,6.559758473777669,1.1151816937950372,0.8402829371078037,COMPLETE
46,0.6045141016621152,2026-08-14 06:22:02.796862,2026-08-14 06:22:03.483208,0 days 00:00:00.686346,0.7406781643366858,0.021062707391166505,1,10,700,1.0947045540573699,0.15376666954036325,0.9403404379293154,COMPLETE
47,0.584249065356643,2026-08-14 06:22:03.498543,2026-08-14 06:22:03.996247,0 days 00:00:00.497704,0.6147445103187683,0.01693692715153401,3,1,300,4.196757399732169,3.149115145347283,0.8515933887587028,COMPLETE
48,0.565203111747812,2026-08-14 06:22:04.010005,2026-08-14 06:22:04.584503,0 days 00:00:00.574498,0.6386551270354164,0.025417512118003346,2,8,600,9.907792051888448,0.26837202182393893,0.9744130884344698,COMPLETE
49,0.6984744570979395,2026-08-14 06:22:04.601019,2026-08-14 06:22:05.643125,0 days 00:00:01.042106,0.6379908808944749,0.06114120462769928,2,6,900,0.016991708640904466,0.294921953153133,0.980033506873967,COMPLETE
50,0.6376664945484248,2026-08-14 07:21:16.146487,2026-08-14 07:21:18.481513,0 days 00:00:02.335026,0.6002627473493443,0.04238833738233464,4,2,1000,1.5126591582590094,0.003934426186111004,0.953025982125516,COMPLETE
51,0.5730461150692931,2026-08-14 07:21:18.500417,2026-08-14 07:21:19.389043,0 days 00:00:00.888626,0.6597163429337963,0.02709912421886516,3,7,400,7.5827325477560885,0.522939968551396,0.9703438391216087,COMPLETE
52,0.5676313940394985,2026-08-14 07:21:19.403664,2026-08-14 07:21:20.448203,0 days 00:00:01.044539,0.6789124309364899,0.019503988206771627,4,8,600,9.833708533830587,0.2675721869269982,0.9138878178982274,COMPLETE
53,0.6065358876756014,2026-08-14 07:21:20.461371,2026-08-14 07:21:21.608145,0 days 00:00:01.146774,0.7089168180286707,0.2341085790013417,3,9,700,4.3345548155415745,1.3810444226056517,0.8894081123780301,COMPLETE
54,0.5779941055625659,2026-08-14 07:21:21.621832,2026-08-14 07:21:22.648207,0 days 00:00:01.026375,0.6365217166406972,0.025015321973403743,3,8,500,6.693525365830925,0.12398741598548134,0.8791973876377037,COMPLETE
55,0.581180764329972,2026-08-14 07:21:22.661892,2026-08-14 07:21:23.766865,0 days 00:00:01.104973,0.6198041669321084,0.04260346580305977,3,7,800,7.127767024798729,0.8490739272970959,0.6997008179817699,COMPLETE
56,0.6599356382587829,2026-08-14 07:21:23.781074,2026-08-14 07:21:24.613086,0 days 00:00:00.832012,0.686110552923285,0.03425734504087047,3,9,600,0.007135844709216736,4.373789440692415,0.6070429276102769,COMPLETE
57,0.6027125211802915,2026-08-14 07:21:24.627217,2026-08-14 07:21:25.345000,0 days 00:00:00.717783,0.6576097957640916,0.015397637008248614,3,7,500,2.5166944711170354,0.06182881648560322,0.8277933398623367,COMPLETE
58,0.6037574807252171,2026-08-14 07:21:25.358254,2026-08-14 07:21:26.374779,0 days 00:00:01.016525,0.7943179889206491,0.020132661981798392,3,8,800,3.647206664600335,2.351547325973939,0.7411858604623047,COMPLETE
59,0.5653537263868492,2026-08-14 07:21:26.388083,2026-08-14 07:21:26.805543,0 days 00:00:00.417460,0.6734950648836607,0.029228103954320277,3,1,400,9.42597178549505,0.20618621776088536,0.9946171788473184,COMPLETE
60,0.6368822196860601,2026-08-14 07:21:26.819566,2026-08-14 07:21:27.451866,0 days 00:00:00.632300,0.6377125979249375,0.04023011458943547,4,1,300,0.03528035249819457,0.39775183162708483,0.9999017239403478,COMPLETE
61,0.5726265418505333,2026-08-14 07:21:27.467376,2026-08-14 07:21:27.950864,0 days 00:00:00.483488,0.6711640110732782,0.029451215027929762,4,1,400,7.942844543817885,0.19290262681360423,0.9835465350262349,COMPLETE
62,0.5761807196060104,2026-08-14 07:21:27.965792,2026-08-14 07:21:28.577892,0 days 00:00:00.612100,0.7215428769608468,0.024826534368357512,4,2,500,7.688696444355142,0.11312214512902587,0.9454610767212593,COMPLETE
63,0.5889066509848917,2026-08-14 07:21:28.592086,2026-08-14 07:21:29.119539,0 days 00:00:00.527453,0.7017282969965943,0.03293742526969627,3,1,400,4.844735826060998,0.3078673790566132,0.9693861513001446,COMPLETE
64,0.5655404571907283,2026-08-14 07:21:29.134104,2026-08-14 07:21:29.510653,0 days 00:00:00.376549,0.6178937296677567,0.02372452523873332,3,4,300,9.981927417497165,0.7995226608162118,0.8627737843770612,COMPLETE
65,0.5665387124638096,2026-08-14 07:21:29.524933,2026-08-14 07:21:29.890292,0 days 00:00:00.365359,0.6195142125252284,0.04774685796041235,3,4,300,9.988175903346598,0.7944119531821869,0.9271700244590219,COMPLETE
66,0.5962782265050454,2026-08-14 07:21:29.904017,2026-08-14 07:21:30.326925,0 days 00:00:00.422908,0.64742721216441,0.02809348713372291,4,3,200,2.9079296741355165,0.5846533125580116,0.8495682379259168,COMPLETE
67,0.6009299391205609,2026-08-14 07:21:30.341176,2026-08-14 07:21:30.827489,0 days 00:00:00.486313,0.6134046547596714,0.023050979184008905,3,5,300,1.8820145373331896,1.5287984899020903,0.8665281390662202,COMPLETE
68,0.5823419503167898,2026-08-14 07:21:30.841759,2026-08-14 07:21:31.192960,0 days 00:00:00.351201,0.6284191961429711,0.030459856292174323,3,2,200,5.009459245032678,0.22053983638561953,0.9149132710116702,COMPLETE
69,0.5730973365485719,2026-08-14 07:21:31.207371,2026-08-14 07:21:31.655972,0 days 00:00:00.448601,0.6006062129930755,0.03945830365754305,3,3,400,7.341162917535804,0.9738733978636888,0.9917097594131159,COMPLETE
70,0.585954397105772,2026-08-14 07:21:31.670225,2026-08-14 07:21:32.099075,0 days 00:00:00.428850,0.7434572988722632,0.03481373330967602,3,4,300,5.218407514374067,0.03282230611030896,0.8926382992358259,COMPLETE
71,0.570646655636406,2026-08-14 07:21:32.113016,2026-08-14 07:21:32.603329,0 days 00:00:00.490313,0.6683678895172831,0.01706157754166304,3,4,400,7.875349999845017,6.280889697816412,0.787599007213428,COMPLETE
72,0.5662163191265127,2026-08-14 07:21:32.617346,2026-08-14 07:21:33.150959,0 days 00:00:00.533613,0.6505403689741758,0.018349125165735686,3,6,500,9.72438859529367,0.35339856024624516,0.9627117717815719,COMPLETE
73,0.5752490434848243,2026-08-14 07:21:33.164752,2026-08-14 07:21:33.717282,0 days 00:00:00.552530,0.6769834798906299,0.011182165746557527,3,2,400,6.2807650633725505,9.907701676881631,0.8589133106364345,COMPLETE
74,0.5904554117985834,2026-08-14 07:21:33.731303,2026-08-14 07:21:33.987550,0 days 00:00:00.256247,0.8795102223071749,0.022524351931592933,3,10,100,0.0010485838014109227,0.5002650673559529,0.9335774279763421,COMPLETE
75,0.5957356547238348,2026-08-14 07:21:34.001933,2026-08-14 07:21:34.728286,0 days 00:00:00.726353,0.6889718705036599,0.013248378284088704,3,3,500,3.356194537395113,0.1452067058715958,0.8238130591477706,COMPLETE
76,0.5931834631143676,2026-08-14 07:21:34.741923,2026-08-14 07:21:35.520842,0 days 00:00:00.778919,0.6312451125052068,0.014757060135097021,3,4,600,4.13149734807176,0.0908014678412309,0.8080864070281187,COMPLETE
77,0.5824182221919144,2026-08-14 07:21:35.534456,2026-08-14 07:21:35.947133,0 days 00:00:00.412677,0.6574455429635434,0.02656611115817156,3,1,300,5.636761629685699,0.6105215366954193,0.949396882225477,COMPLETE
78,0.5648516950039767,2026-08-14 07:21:35.960883,2026-08-14 07:21:36.251577,0 days 00:00:00.290694,0.6114588919162034,0.02068834801907377,3,2,200,9.93640950565894,0.2161363419511965,0.8810049474794723,COMPLETE
79,0.5690838898508412,2026-08-14 07:21:36.265833,2026-08-14 07:21:36.486880,0 days 00:00:00.221047,0.6091484271481645,0.02381215709266569,3,2,100,7.50883883861798,0.19075499148155795,0.8724948409372103,COMPLETE
80,0.5858742619501865,2026-08-14 07:21:36.500666,2026-08-14 07:21:36.855328,0 days 00:00:00.354662,0.6407539315798954,0.02852930833039488,3,2,200,4.792433973603923,0.052847175787208225,0.8418531421648189,COMPLETE
81,0.5678016380888342,2026-08-14 07:21:36.869709,2026-08-14 07:21:37.176359,0 days 00:00:00.306650,0.6242839422341004,0.02115428679079315,3,1,200,8.454936547068149,0.35633342961917075,0.9760024358983506,COMPLETE
82,0.5655207014617495,2026-08-14 07:21:37.190625,2026-08-14 07:21:37.569173,0 days 00:00:00.378548,0.6119641786112027,0.01760211261126989,3,3,300,9.69833637936987,0.24446085314523816,0.886329734400199,COMPLETE
83,0.5757320644710535,2026-08-14 07:21:37.582898,2026-08-14 07:21:37.938853,0 days 00:00:00.355955,0.6146042062217923,0.017664716756944806,3,3,200,5.862949446085407,0.2506914929133288,0.8833463439890937,COMPLETE
84,0.5719892863953213,2026-08-14 07:21:37.952630,2026-08-14 07:21:38.339466,0 days 00:00:00.386836,0.6083107252676612,0.031167688206953554,3,3,300,8.228003793632263,0.16416208524130865,0.8958751808266175,COMPLETE
85,0.5660623762518704,2026-08-14 07:21:38.353377,2026-08-14 07:21:38.726295,0 days 00:00:00.372918,0.6325887355646076,0.020098014757810555,3,2,300,9.672757770998375,0.46913080291096615,0.9093040074951554,COMPLETE
86,0.5737417164015325,2026-08-14 07:21:38.740014,2026-08-14 07:21:38.982714,0 days 00:00:00.242700,0.6435598958901685,0.026877374653592224,3,3,100,6.500775830391277,0.7909126120106686,0.8625533711792441,COMPLETE
87,0.5806981246079304,2026-08-14 07:21:38.996752,2026-08-14 07:21:39.369473,0 days 00:00:00.372721,0.6234668031406504,0.013907094563706295,3,1,200,3.491148618369129,0.1093962326842865,0.8857355721308824,COMPLETE
88,0.5956112741427327,2026-08-14 07:21:39.383148,2026-08-14 07:21:39.867204,0 days 00:00:00.484056,0.6598921904761827,0.016264916728611325,3,3,300,1.9740505043288985,1.3167187098929278,0.9038908661395291,COMPLETE
89,0.5865861274165995,2026-08-14 07:21:39.880643,2026-08-14 07:21:40.276150,0 days 00:00:00.395507,0.6007390909356849,0.03717059506779037,3,5,300,4.370568303394,0.230501683035068,0.9899287514980124,COMPLETE
90,0.6031535890844107,2026-08-14 07:21:40.289768,2026-08-14 07:21:40.815319,0 days 00:00:00.525551,0.6130789885660675,0.04759235736540544,3,4,200,2.961999805622173,0.33921894381915796,0.8304391264266566,COMPLETE
91,0.5658091884943774,2026-08-14 07:21:40.828174,2026-08-14 07:21:41.390450,0 days 00:00:00.562276,0.6318068868382039,0.01969451262708327,3,2,300,9.693414232316469,0.5249920209974349,0.8748883957074675,COMPLETE
92,0.5762548214376537,2026-08-14 07:21:41.407170,2026-08-14 07:21:41.907057,0 days 00:00:00.499887,0.6333038701277156,0.021842951638792452,3,2,300,6.718407707226467,0.43631064894359955,0.8758265475610766,COMPLETE
93,0.5664791773299546,2026-08-14 07:21:41.921848,2026-08-14 07:21:42.342859,0 days 00:00:00.421011,0.646929830168566,0.02406802153401032,3,2,300,9.884356090247445,0.6707201101567514,0.8522154823452469,COMPLETE
94,0.5720010195735072,2026-08-14 07:21:42.357346,2026-08-14 07:21:43.316093,0 days 00:00:00.958747,0.6203879214421623,0.019358123485395607,3,1,400,7.97106484586923,0.13785966824288662,0.8430670630821931,COMPLETE
95,0.5816154664562406,2026-08-14 07:21:43.342849,2026-08-14 07:21:44.138565,0 days 00:00:00.795716,0.6546488894229132,0.03364548227382729,3,2,200,5.786276834780849,0.9349401867314564,0.8697946668654181,COMPLETE
96,0.5688054804098445,2026-08-14 07:21:44.166212,2026-08-14 07:21:45.050090,0 days 00:00:00.883878,0.6084575381575456,0.012112500530966904,3,3,300,8.173981397325736,0.2899587359059336,0.9183928968118209,COMPLETE
97,0.5790200472284109,2026-08-14 07:21:45.063785,2026-08-14 07:21:45.329805,0 days 00:00:00.266020,0.639707352339738,0.029618886017370328,3,1,100,4.287882718196778,1.9972052526507853,0.8575677415181858,COMPLETE
98,0.5812024487855181,2026-08-14 07:21:45.342685,2026-08-14 07:21:45.844029,0 days 00:00:00.501344,0.6960597413681326,0.02566696518173563,3,3,200,5.329391816833777,0.5393653204680448,0.9011784871123415,COMPLETE
99,0.5781259719675003,2026-08-14 07:21:45.857710,2026-08-14 07:21:46.657797,0 days 00:00:00.800087,0.6741351767021704,0.032401583470103454,3,4,400,6.598158793366749,0.21809457793734718,0.9616736270876562,COMPLETE
100,0.5651623539364528,2026-08-14 07:29:05.292187,2026-08-14 07:29:05.980370,0 days 00:00:00.688183,0.6276107031698831,0.015214303472413865,4,2,300,9.921860563682927,1.2519962695758262,0.8847984318900237,COMPLETE
