number,value,datetime_start,datetime_complete,duration,params_colsample_bytree,params_learning_rate,params_max_depth,params_min_child_weight,params_n_estimators,params_reg_alpha,params_reg_lambda,params_subsample,state
405,0.564189206336883,2026-08-14 09:38:28.961139,2026-08-14 09:38:29.451362,0 days 00:00:00.490223,0.7704227329316905,0.011239698806447273,2,10,400,9.947042937934233,0.07215559715925267,0.971308529615632,COMPLETE
406,0.5672350248607352,2026-08-14 09:38:29.465374,2026-08-14 09:38:30.015273,0 days 00:00:00.549899,0.7568931306506551,0.013260141388724979,2,9,400,8.337235187924314,0.08217194680123789,0.9926680724919672,COMPLETE
407,0.5730663500394466,2026-08-14 09:38:30.029970,2026-08-14 09:38:30.642061,0 days 00:00:00.612091,0.7638675880435892,0.010634500307613195,2,10,500,6.51733471658114,0.06797984078556113,0.9780629933893858,COMPLETE
408,0.5648861214355774,2026-08-14 09:38:30.657009,2026-08-14 09:38:31.140586,0 days 00:00:00.483577,0.6922655176284758,0.011880539062287221,2,9,400,8.48350737543236,0.10292037282281466,0.9999781336107353,COMPLETE
409,0.5769014853303547,2026-08-14 09:38:31.154786,2026-08-14 09:38:31.693063,0 days 00:00:00.538277,0.7083730293189148,0.012776814499173358,2,8,400,5.218099594030308,0.055006845448200704,0.9881324157440098,COMPLETE
410,0.5703820328263222,2026-08-14 09:38:31.706995,2026-08-14 09:38:32.218859,0 days 00:00:00.511864,0.7575208585407436,0.011373605116916716,2,10,400,7.518304797304046,0.08891760764541243,0.9523800459095588,COMPLETE
411,0.5678175219780696,2026-08-14 09:38:32.233013,2026-08-14 09:38:32.710259,0 days 00:00:00.477246,0.7843594769627436,0.013474820129118307,2,9,400,8.290407638810544,0.048743562243952855,0.9833411161169351,COMPLETE
412,0.5810424200706368,2026-08-14 09:38:32.724243,2026-08-14 09:38:33.358116,0 days 00:00:00.633873,0.8018259667940718,0.012355216490354762,2,9,500,4.453148310195943,0.07085412205564631,0.9925378234507419,COMPLETE
413,0.5740375600827606,2026-08-14 09:38:33.371888,2026-08-14 09:38:33.981332,0 days 00:00:00.609444,0.7492522591991194,0.010768452337899633,2,10,500,6.317402903997456,0.05919200264114133,0.9674201160620609,COMPLETE
414,0.5632566754130324,2026-08-14 09:38:33.995977,2026-08-14 09:38:34.533509,0 days 00:00:00.537532,0.6804553138250539,0.014099046993775483,2,10,500,9.989345772571621,0.07763432514724679,0.9998643301223265,COMPLETE
415,0.5633259774201468,2026-08-14 09:38:34.551231,2026-08-14 09:38:34.935487,0 days 00:00:00.384256,0.672477582057969,0.014382214165399674,2,7,300,9.905909253452382,0.07422445016311768,0.9995390688316979,COMPLETE
416,0.5633455974063781,2026-08-14 09:38:34.950243,2026-08-14 09:38:35.338227,0 days 00:00:00.387984,0.6737610456654854,0.014674290769941634,2,7,300,9.873235654398963,0.06616219888634844,0.9996898324025337,COMPLETE
417,0.5632681268046036,2026-08-14 09:38:35.352985,2026-08-14 09:38:35.735093,0 days 00:00:00.382108,0.6798366455761816,0.014659385246955866,2,7,300,9.985566584977018,0.061989086680591915,0.9993489930800604,COMPLETE
418,0.5684039063330961,2026-08-14 09:38:35.749467,2026-08-14 09:38:36.150002,0 days 00:00:00.400535,0.6799297361340217,0.014698416245536128,2,6,300,7.263510627372023,0.050730647238804064,0.999385828426097,COMPLETE
419,0.5661571017646065,2026-08-14 09:38:36.164711,2026-08-14 09:38:36.562799,0 days 00:00:00.398088,0.6740522110448273,0.014674900590761087,2,7,300,8.508078292302454,0.059624973523259385,0.9946050869963629,COMPLETE
420,0.5633324004829493,2026-08-14 09:38:36.577553,2026-08-14 09:38:36.962286,0 days 00:00:00.384733,0.6521767166588106,0.015017842265905797,2,7,300,9.921509176531504,0.06721363186691233,0.9995126319113244,COMPLETE
421,0.5698883955461705,2026-08-14 09:38:36.976361,2026-08-14 09:38:37.382507,0 days 00:00:00.406146,0.6669131083493485,0.016428726562136193,2,7,300,7.2136056790427485,0.0665270691396463,0.9944695222114852,COMPLETE
422,0.5657890189009301,2026-08-14 09:38:37.395897,2026-08-14 09:38:37.786635,0 days 00:00:00.390738,0.6775502574692526,0.015290656270058005,2,7,300,8.396546384756348,0.06259853014557343,0.9984999238997196,COMPLETE
423,0.5978161916590203,2026-08-14 09:38:37.800535,2026-08-14 09:38:38.267329,0 days 00:00:00.466794,0.6693550802843774,0.014967670599829971,2,7,300,0.0072849702317651695,0.0688718597134561,0.9998367157449273,COMPLETE
424,0.5732839230864336,2026-08-14 09:38:38.281936,2026-08-14 09:38:38.705474,0 days 00:00:00.423538,0.6548721622967261,0.016724523983029354,2,7,300,5.947943013675889,0.052014045989485114,0.999252680021589,COMPLETE
425,0.5633078544886055,2026-08-14 09:38:38.721505,2026-08-14 09:38:39.144707,0 days 00:00:00.423202,0.6669344414536323,0.014183505834632416,2,7,300,9.934489953942569,0.07511732317097533,0.9998679405576257,COMPLETE
426,0.5817225513148002,2026-08-14 09:38:39.158390,2026-08-14 09:38:39.619535,0 days 00:00:00.461145,0.6621715462497815,0.014136591419288714,2,7,300,3.9326869743631545,0.0773583562881446,0.9992121583686271,COMPLETE
427,0.5678842025773285,2026-08-14 09:38:39.633498,2026-08-14 09:38:40.033062,0 days 00:00:00.399564,0.6581540266465159,0.015575864414644217,2,7,300,7.386224974703012,0.058484919592395795,0.9999932167957453,COMPLETE
428,0.5636454476678795,2026-08-14 09:38:40.048167,2026-08-14 09:38:40.445655,0 days 00:00:00.397488,0.6841216711214686,0.014367919978070255,2,7,300,9.921431664080608,0.04773608091675434,0.9923454741020165,COMPLETE
429,0.566088997181471,2026-08-14 09:38:40.460610,2026-08-14 09:38:40.853702,0 days 00:00:00.393092,0.6849543162685354,0.01457583741324461,2,7,300,8.593065846757051,0.047121959778370456,0.9928556750668112,COMPLETE
430,0.5633146167183463,2026-08-14 09:38:40.868150,2026-08-14 09:38:41.258664,0 days 00:00:00.390514,0.6787229747753556,0.015515097025141136,2,7,300,9.944293430845985,0.05269785635849833,0.9998571306332108,COMPLETE
431,0.5725633122354052,2026-08-14 09:38:41.273377,2026-08-14 09:38:41.690140,0 days 00:00:00.416763,0.6728160242713204,0.015268589155081209,2,7,300,6.380079055620488,0.053203682691621186,0.9927258084626078,COMPLETE
432,0.5654854314202721,2026-08-14 09:38:41.704567,2026-08-14 09:38:42.107477,0 days 00:00:00.402910,0.679381132250566,0.014188467667711549,2,7,300,8.396879989069804,0.04551210508799536,0.9992986768177504,COMPLETE
433,0.5699133050236436,2026-08-14 09:38:42.122085,2026-08-14 09:38:42.528988,0 days 00:00:00.406903,0.6703384200833659,0.017867466825855542,2,7,300,7.312471788741104,0.061563209660486555,0.9917252554715151,COMPLETE
434,0.5744757239767083,2026-08-14 09:38:42.543914,2026-08-14 09:38:42.967717,0 days 00:00:00.423803,0.68501434932075,0.013899433445500051,2,7,300,5.509197806232476,0.07048596387055416,0.9992967036836528,COMPLETE
435,0.5632946546455784,2026-08-14 09:38:42.981651,2026-08-14 09:38:43.366297,0 days 00:00:00.384646,0.6642626551231449,0.015986072302598076,2,7,300,9.994850481867855,0.053321782248774575,0.9999980439345145,COMPLETE
436,0.5669639518314475,2026-08-14 09:38:43.381511,2026-08-14 09:38:43.781331,0 days 00:00:00.399820,0.6628606704218657,0.016753445614086992,2,7,300,8.33647933091885,0.0034099737542206804,0.9902023507215216,COMPLETE
437,0.5909523271890272,2026-08-14 09:38:43.795551,2026-08-14 09:38:44.263143,0 days 00:00:00.467592,0.6751726417629605,0.014366991747893493,2,7,300,1.24216241887265,0.057549642260796584,0.9925910074809793,COMPLETE
438,0.5692642351631683,2026-08-14 09:38:44.277269,2026-08-14 09:38:44.677321,0 days 00:00:00.400052,0.6889510766551463,0.01502812281133373,2,7,300,6.986418006320249,0.07443016835345156,0.9993859330325893,COMPLETE
439,0.5653068766455426,2026-08-14 09:38:44.692005,2026-08-14 09:38:45.090334,0 days 00:00:00.398329,0.6483111844169418,0.013751329885022564,2,7,300,8.448600485735888,0.06215947433912404,0.9992404007992634,COMPLETE
440,0.5637401469427298,2026-08-14 09:38:45.104373,2026-08-14 09:38:45.495488,0 days 00:00:00.391115,0.6689000931993421,0.015930090657735915,2,7,300,9.972096202356846,0.05153371306239941,0.989349594850785,COMPLETE
441,0.5633530686290934,2026-08-14 09:38:45.509614,2026-08-14 09:38:45.895357,0 days 00:00:00.385743,0.666070600765596,0.01802663243017908,2,7,300,9.92531732848792,0.08589829296019026,0.9996887640925177,COMPLETE
442,0.5700708878682346,2026-08-14 09:38:45.909563,2026-08-14 09:38:46.319234,0 days 00:00:00.409671,0.6644457515995741,0.018698057136818335,2,7,300,7.287709813162406,0.07740706449470124,0.9908904756355943,COMPLETE
443,0.5736588536951939,2026-08-14 09:38:46.333526,2026-08-14 09:38:46.752910,0 days 00:00:00.419384,0.6811275043660678,0.01792790417340912,2,7,300,6.2290090467897015,0.04440826376753313,0.9915484769068624,COMPLETE
444,0.5653464775855145,2026-08-14 09:38:46.766531,2026-08-14 09:38:47.153563,0 days 00:00:00.387032,0.6685236588987491,0.01704322897957689,2,7,300,8.394669029083364,0.055360480737573395,0.9996277745138067,COMPLETE
445,0.5633909925363128,2026-08-14 09:38:47.167655,2026-08-14 09:38:47.550097,0 days 00:00:00.382442,0.6567523672136398,0.020254001940150847,2,7,300,9.950472946931074,0.06445499827330145,0.9992979699079344,COMPLETE
446,0.5668160757486864,2026-08-14 09:38:47.563666,2026-08-14 09:38:47.956685,0 days 00:00:00.393019,0.65686531970925,0.020578047244841694,2,7,300,8.49309376994798,0.06471950591013301,0.988193789618184,COMPLETE
447,0.5685949759354949,2026-08-14 09:38:47.971255,2026-08-14 09:38:48.365231,0 days 00:00:00.393976,0.6600464161708395,0.01912663953470522,2,7,300,7.261458351133993,0.07956764495759719,0.9995525005109037,COMPLETE
448,0.5790426385735158,2026-08-14 09:38:48.379205,2026-08-14 09:38:48.785892,0 days 00:00:00.406687,0.6751478560511146,0.05369901779321939,2,6,300,5.422509431717245,0.05378265398252662,0.9883741572638186,COMPLETE
449,0.5637069463771837,2026-08-14 09:38:48.800139,2026-08-14 09:38:49.183770,0 days 00:00:00.383631,0.6680157852015712,0.01813827332208166,2,7,300,9.96511016292619,0.08350467509324802,0.9925580244870512,COMPLETE
450,0.5671463738980416,2026-08-14 09:45:35.871610,2026-08-14 09:45:36.333528,0 days 00:00:00.461918,0.6530980907781396,0.019269318142854954,2,7,300,8.38616816276162,0.08224979997655858,0.9873723940317337,COMPLETE
451,0.5726352295632491,2026-08-14 09:45:36.353527,2026-08-14 09:45:36.780885,0 days 00:00:00.427358,0.6673545607322944,0.017910057211490735,2,7,300,6.478157754939613,0.09177353740224878,0.9922993732606663,COMPLETE
452,0.563320863556465,2026-08-14 09:45:36.795842,2026-08-14 09:45:37.197433,0 days 00:00:00.401591,0.68023223948719,0.019172600997570146,2,7,300,9.992653882636672,0.06875499137549623,0.9992612438675247,COMPLETE
453,0.5633235764911163,2026-08-14 09:45:37.211835,2026-08-14 09:45:37.533967,0 days 00:00:00.322132,0.6814794433633808,0.019472663942770634,2,7,200,9.993276620661538,0.06511652210851585,0.999941240409586,COMPLETE
454,0.5677054048214467,2026-08-14 09:45:37.548996,2026-08-14 09:45:37.874295,0 days 00:00:00.325299,0.6835895056480159,0.020721439096986524,2,7,200,7.449278685916765,0.06791694402457765,0.9998142377614128,COMPLETE
455,0.5633277668649711,2026-08-14 09:45:37.888363,2026-08-14 09:45:38.207226,0 days 00:00:00.318863,0.6760064295280447,0.019662176657294826,2,7,200,9.931924544058628,0.0627169434819603,0.9985361901380396,COMPLETE
456,0.5655928877560505,2026-08-14 09:45:38.221856,2026-08-14 09:45:38.545850,0 days 00:00:00.323994,0.679690212111509,0.022153210347225644,2,7,200,8.190890116391966,0.06514934492648462,0.9998952501725472,COMPLETE
457,0.5653337847196463,2026-08-14 09:45:38.561816,2026-08-14 09:45:38.882756,0 days 00:00:00.320940,0.6706926903980658,0.02113045357960597,2,7,200,8.474721648055368,0.07703029312827711,0.9992006906496356,COMPLETE
458,0.57150821590608,2026-08-14 09:45:38.897379,2026-08-14 09:45:39.227115,0 days 00:00:00.329736,0.6886557262149339,0.019150937951383777,2,7,200,6.403740012730437,0.005911186275667699,0.9998978925796644,COMPLETE
459,0.56365129654958,2026-08-14 09:45:39.240920,2026-08-14 09:45:39.559250,0 days 00:00:00.318330,0.6636590473490875,0.020037518465470132,2,7,200,9.96965900594173,0.059067711248860996,0.9874278036207053,COMPLETE
460,0.56333031555008,2026-08-14 09:45:39.573795,2026-08-14 09:45:39.893308,0 days 00:00:00.319513,0.6616539477400945,0.0192853397384593,2,7,200,9.99723145084963,0.06505307760946613,0.9998514196948358,COMPLETE
461,0.5680663453058173,2026-08-14 09:45:39.909245,2026-08-14 09:45:40.238395,0 days 00:00:00.329150,0.652952595907257,0.020284854313983868,2,7,200,7.392076176250995,0.08946631370550419,0.9993227367428363,COMPLETE
462,0.5969566850416109,2026-08-14 09:45:40.252608,2026-08-14 09:45:40.622132,0 days 00:00:00.369524,0.6623698016110574,0.022980180876239008,2,7,200,0.06479384199367011,0.0690133769735991,0.9998267991993857,COMPLETE
463,0.5636602702207512,2026-08-14 09:45:40.637405,2026-08-14 09:45:40.950156,0 days 00:00:00.312751,0.6435158864017987,0.021552085040028045,2,7,200,9.975894504215653,0.05967683155748477,0.9878159448478229,COMPLETE
464,0.5772092765044763,2026-08-14 09:45:40.964720,2026-08-14 09:45:41.327093,0 days 00:00:00.362373,0.6456828510508754,0.019951662214161205,2,7,200,4.839702040986994,0.06195257423698585,0.9997375429286196,COMPLETE
465,0.5667219143462792,2026-08-14 09:45:41.341679,2026-08-14 09:45:41.669217,0 days 00:00:00.327538,0.6405477475707447,0.020917399664301062,2,7,200,8.395027688883305,0.05919616562446013,0.9876279519518933,COMPLETE
466,0.5684496747967869,2026-08-14 09:45:41.684135,2026-08-14 09:45:42.019568,0 days 00:00:00.335433,0.6606495104750225,0.02282140718658115,2,7,200,7.242132530331848,0.07286726506010774,0.9999249432684229,COMPLETE
467,0.566598016425435,2026-08-14 09:45:42.034119,2026-08-14 09:45:42.363919,0 days 00:00:00.329800,0.6771323051985808,0.019751216945400527,2,7,200,8.498358640155997,0.05796592942965518,0.9869568998236488,COMPLETE
468,0.563597023393265,2026-08-14 09:45:42.377700,2026-08-14 09:45:42.695622,0 days 00:00:00.317922,0.6478333849773751,0.018902816482070216,2,6,200,9.959818049193125,0.0787815133057656,0.9924563399418204,COMPLETE
469,0.5724613710314074,2026-08-14 09:45:42.709272,2026-08-14 09:45:43.057062,0 days 00:00:00.347790,0.6503578079006809,0.02180795827232506,2,6,200,5.990077415938059,0.06846590389199203,0.6983557617199793,COMPLETE
470,0.56364046533324,2026-08-14 09:45:43.071495,2026-08-14 09:45:43.386458,0 days 00:00:00.314963,0.6408950725852053,0.019586129616071004,2,6,200,9.996921262991881,0.052773994914592566,0.9863426379630771,COMPLETE
471,0.5699314768087997,2026-08-14 09:45:43.401590,2026-08-14 09:45:43.738076,0 days 00:00:00.336486,0.6353172275942878,0.01957037957849891,2,6,200,7.302324581673097,0.04773389901710546,0.9852415389625143,COMPLETE
472,0.5668285489863412,2026-08-14 09:45:43.753083,2026-08-14 09:45:44.082912,0 days 00:00:00.329829,0.647381641795611,0.02161326947741324,2,6,200,8.421302542730048,0.053153756997295055,0.9859082424087569,COMPLETE
473,0.5724513010804606,2026-08-14 09:45:44.097564,2026-08-14 09:45:44.445554,0 days 00:00:00.347990,0.6573604292372783,0.019106293796921386,2,6,200,6.414230898676601,0.07380543140048815,0.9918586730820003,COMPLETE
474,0.5667729537585907,2026-08-14 09:45:44.460333,2026-08-14 09:45:44.794229,0 days 00:00:00.333896,0.6427867327231744,0.02032817384262855,2,6,200,8.463497950777592,0.06435784349174431,0.9849144804381719,COMPLETE
475,0.563419746370434,2026-08-14 09:45:44.808808,2026-08-14 09:45:45.055618,0 days 00:00:00.246810,0.6741205160274266,0.01871505686640283,2,7,100,9.958431465728287,0.05143303535428305,0.9928166035917726,COMPLETE
476,0.5757726223894464,2026-08-14 09:45:45.070498,2026-08-14 09:45:45.435683,0 days 00:00:00.365185,0.6762131078422905,0.0185719745814853,2,7,200,5.267178773732504,0.0017631491445461,0.9933566412972935,COMPLETE
477,0.5686495620380501,2026-08-14 09:45:45.450157,2026-08-14 09:45:45.708905,0 days 00:00:00.258748,0.684269254051017,0.0189181621524087,2,7,100,7.113573979418767,0.04552157469364344,0.9996995776431113,COMPLETE
478,0.5650396430451019,2026-08-14 09:45:45.724155,2026-08-14 09:45:46.049368,0 days 00:00:00.325213,0.6634779572685529,0.01811295397321588,2,6,200,8.410164123467446,0.05067310895784601,0.9998887822195052,COMPLETE
479,0.5657161550385309,2026-08-14 09:45:46.064830,2026-08-14 09:45:46.318137,0 days 00:00:00.253307,0.6926512569155991,0.019313226674541967,2,7,100,8.468746940945655,0.08048667541211152,0.9929272094055838,COMPLETE
480,0.570002488111103,2026-08-14 09:45:46.334133,2026-08-14 09:45:46.600159,0 days 00:00:00.266026,0.6738289463231653,0.017275825115863376,2,7,100,6.4334987815501306,0.09734540023469081,0.9837416655853161,COMPLETE
481,0.5681706439596356,2026-08-14 09:45:46.614326,2026-08-14 09:45:46.866680,0 days 00:00:00.252354,0.6837282726774676,0.018481119908814816,2,7,100,7.397762964804317,0.05406837066902358,0.9921765323163326,COMPLETE
482,0.5941173229170152,2026-08-14 09:45:46.881821,2026-08-14 09:45:47.250969,0 days 00:00:00.369148,0.6558678958056684,0.02026290832269348,2,7,200,0.2263425867221059,0.07103375004931511,0.9997274221772003,COMPLETE
483,0.5634795835526961,2026-08-14 09:45:47.265834,2026-08-14 09:45:47.510242,0 days 00:00:00.244408,0.671187852525246,0.017641414172956105,2,6,100,9.906450902898325,0.04865285668753875,0.9849422558703435,COMPLETE
484,0.5650083299275014,2026-08-14 09:45:47.524814,2026-08-14 09:45:47.773917,0 days 00:00:00.249103,0.677781618403885,0.017464506687234798,2,6,100,8.496634899400608,0.04590995860384417,0.9998129615878008,COMPLETE
485,0.562872772400356,2026-08-14 09:45:47.789058,2026-08-14 09:45:48.028694,0 days 00:00:00.239636,0.6889867537695099,0.017196021058624177,2,6,100,9.959540550732092,0.0449994114363105,0.6536636197926887,COMPLETE
486,0.5656556912474459,2026-08-14 09:45:48.046197,2026-08-14 09:45:48.307681,0 days 00:00:00.261484,0.6932690101083692,0.01747441697989477,2,6,100,7.3919607437947725,0.041587600923303006,0.7203142522614687,COMPLETE
487,0.5712751447392463,2026-08-14 09:45:48.322604,2026-08-14 09:45:48.579717,0 days 00:00:00.257113,0.6717485343067052,0.018310945678064895,2,6,100,5.7754649631343105,0.08014749164632602,0.9928656976773604,COMPLETE
488,0.5638309749265824,2026-08-14 09:45:48.594077,2026-08-14 09:45:48.842304,0 days 00:00:00.248227,0.671785556332157,0.01732881689679322,2,6,100,8.4930966496588,0.06478272675973759,0.6319311422275211,COMPLETE
489,0.5630467977216529,2026-08-14 09:45:48.857213,2026-08-14 09:45:49.106281,0 days 00:00:00.249068,0.6888622787992605,0.01888177923162048,2,6,100,9.938417519990265,0.10086161570453758,0.7327221680474808,COMPLETE
490,0.5656105219311083,2026-08-14 09:45:49.120993,2026-08-14 09:45:49.382042,0 days 00:00:00.261049,0.6855701076471687,0.01827731911777881,2,6,100,7.223365292984699,0.1010182440354812,0.6672550237415718,COMPLETE
491,0.5629257476898191,2026-08-14 09:45:49.396160,2026-08-14 09:45:49.637245,0 days 00:00:00.241085,0.6910568464959447,0.016927564660098208,2,6,100,9.986565391660324,0.08658225768141821,0.6923220085268913,COMPLETE
492,0.5637161402184117,2026-08-14 09:45:49.650865,2026-08-14 09:45:49.897628,0 days 00:00:00.246763,0.6891861719385162,0.017037914101453465,2,6,100,8.55999179151354,0.09763644639682802,0.6872546279440509,COMPLETE
493,0.5672554143154424,2026-08-14 09:45:49.911858,2026-08-14 09:45:50.183707,0 days 00:00:00.271849,0.6782066049666784,0.016674150780179905,2,6,100,6.289458235934819,0.099448612774397,0.7358826122916594,COMPLETE
494,0.5649015201577706,2026-08-14 09:45:50.198543,2026-08-14 09:45:50.455490,0 days 00:00:00.256947,0.6972001144238426,0.016715199083506698,2,5,100,7.513904991827201,0.08347344837859225,0.6772328090924702,COMPLETE
495,0.563793766457473,2026-08-14 09:45:50.469549,2026-08-14 09:45:50.714622,0 days 00:00:00.245073,0.6918567093688769,0.01783996756260732,2,7,100,8.490652842988062,0.10709429169147622,0.6509504185911187,COMPLETE
496,0.5725274294513303,2026-08-14 09:45:50.729129,2026-08-14 09:45:50.993010,0 days 00:00:00.263881,0.6770828454899809,0.016442202517548306,2,7,100,4.499543574588338,0.07117878777887233,0.9994645517776823,COMPLETE
497,0.5643542669898226,2026-08-14 09:45:51.007502,2026-08-14 09:45:51.259699,0 days 00:00:00.252197,0.666471858143119,0.02108310718736053,2,7,100,8.416456894841263,0.08595296507546858,0.7035492366971466,COMPLETE
498,0.5669715449804951,2026-08-14 09:45:51.274341,2026-08-14 09:45:51.533041,0 days 00:00:00.258700,0.6835380886949891,0.02373438457072705,2,7,100,6.47380130100436,0.06552309686367966,0.646592069864967,COMPLETE
499,0.5807262287077897,2026-08-14 09:45:51.547768,2026-08-14 09:45:51.811850,0 days 00:00:00.264082,0.671690702218088,0.018537023682006666,2,6,100,0.0019741369062676573,0.0867176626519864,0.7326327391737641,COMPLETE
500,0.5636526335402152,2026-08-14 09:54:41.065847,2026-08-14 09:54:41.388375,0 days 00:00:00.322528,0.6927881621063757,0.01647672615867941,2,7,100,8.486183537327372,0.057759979227141274,0.6260519447666842,COMPLETE
501,0.5680998835946122,2026-08-14 09:54:41.408315,2026-08-14 09:54:41.712272,0 days 00:00:00.303957,0.663146910181961,0.0177246915415383,2,7,100,5.543028374862955,0.10611092908357163,0.7011903643667986,COMPLETE
502,0.5635688642467331,2026-08-14 09:54:41.730445,2026-08-14 09:54:42.034693,0 days 00:00:00.304248,0.6806001142672982,0.019332675206724537,2,7,100,9.962237019262924,0.07065834341499434,0.8264792707057791,COMPLETE
503,0.5650314898429818,2026-08-14 09:54:42.052982,2026-08-14 09:54:42.365409,0 days 00:00:00.312427,0.6733011756119321,0.016148673361170453,2,6,100,7.263112019927027,0.052896833733902554,0.6547863365290272,COMPLETE
504,0.5628721782580633,2026-08-14 09:54:42.381297,2026-08-14 09:54:42.672765,0 days 00:00:00.291468,0.6889541461201707,0.02073609818929788,2,7,100,9.903099011079021,0.07715267434612263,0.6133918080341036,COMPLETE
505,0.5632984188989572,2026-08-14 09:54:42.693066,2026-08-14 09:54:43.179455,0 days 00:00:00.486389,0.6909723632822026,0.021931845708114385,2,7,300,9.999732901702474,0.09106507197058737,0.6523601418454044,COMPLETE
506,0.5717627101849139,2026-08-14 09:54:43.197556,2026-08-14 09:54:43.695755,0 days 00:00:00.498199,0.6957959164500034,0.0229195148587798,2,7,300,7.251107695872146,0.10971639181711641,0.7581968277102273,COMPLETE
