number,value,datetime_start,datetime_complete,duration,params_colsample_bytree,params_learning_rate,params_max_depth,params_min_child_weight,params_n_estimators,params_reg_alpha,params_reg_lambda,params_subsample,state
304,0.5679049570161399,2026-08-14 09:16:19.496874,2026-08-14 09:16:20.057993,0 days 00:00:00.561119,0.6911251256426914,0.014149064744841077,2,9,500,8.47716089212734,0.05423696132009306,0.9693647739664529,COMPLETE
305,0.5837467930902183,2026-08-14 09:16:20.071778,2026-08-14 09:16:20.778047,0 days 00:00:00.706269,0.7051979389278977,0.016046799574515283,2,6,600,4.673113140610295,0.044532971577597,0.9834120377761228,COMPLETE
306,0.5745865619385208,2026-08-14 09:16:20.791611,2026-08-14 09:16:21.543224,0 days 00:00:00.751613,0.7224987478908508,0.012012675086922539,2,9,700,5.993791179889133,0.06731180674922986,0.9931784652354034,COMPLETE
307,0.5674774474380598,2026-08-14 09:16:21.557830,2026-08-14 09:16:22.117161,0 days 00:00:00.559331,0.7403064721857432,0.012651542768700152,2,9,500,8.544514510069657,0.16191689505981627,0.9763549500279258,COMPLETE
308,0.5639990255075308,2026-08-14 09:16:22.130946,2026-08-14 09:16:22.665205,0 days 00:00:00.534259,0.752417880349217,0.013792187096259489,2,10,500,9.990426713622751,0.05509797033293639,0.9851046446283802,COMPLETE
309,0.5686298664641931,2026-08-14 09:16:22.679751,2026-08-14 09:16:23.224701,0 days 00:00:00.544950,0.7741185327369096,0.013934502395817134,2,8,500,7.215265626124167,0.051506988707166794,0.9997747265129528,COMPLETE
310,0.5642896293883621,2026-08-14 09:16:23.237964,2026-08-14 09:16:23.857206,0 days 00:00:00.619242,0.7486884795646375,0.014903978902644804,2,10,600,9.87645506662002,0.02356920325153381,0.9858606213869104,COMPLETE
311,0.5637825696653412,2026-08-14 09:16:23.871402,2026-08-14 09:16:24.330275,0 days 00:00:00.458873,0.751947262896555,0.013270646606880753,2,9,400,9.955167683789416,0.04289271533507057,0.9924256183042542,COMPLETE
312,0.5710895984541918,2026-08-14 09:16:24.344278,2026-08-14 09:16:24.822655,0 days 00:00:00.478377,0.7520618045786382,0.0169867646385889,2,9,400,7.258405554417901,0.0394255519160846,0.9810543403432977,COMPLETE
313,0.5655001861398126,2026-08-14 09:16:24.836258,2026-08-14 09:16:25.297568,0 days 00:00:00.461310,0.7668681617462018,0.013871115082906652,2,9,400,8.39202169748156,0.047149282898227556,0.9995756073487367,COMPLETE
314,0.574699702208648,2026-08-14 09:16:25.311818,2026-08-14 09:16:25.822634,0 days 00:00:00.510816,0.7383595203408295,0.012877333963383837,2,9,400,5.780200591086784,0.020536254152947575,0.9909748714364263,COMPLETE
315,0.5640545459666704,2026-08-14 09:16:25.836309,2026-08-14 09:16:26.377975,0 days 00:00:00.541666,0.7431861953452447,0.012118120383831671,2,9,500,9.934764778077627,0.03042402791779162,0.983054719184039,COMPLETE
316,0.5711923477941282,2026-08-14 09:16:26.392247,2026-08-14 09:16:26.964381,0 days 00:00:00.572134,0.7148807648016646,0.013472774221556032,2,9,500,7.380909389745007,0.05565972959041374,0.9670375327588993,COMPLETE
317,0.5638433290779846,2026-08-14 09:16:26.978889,2026-08-14 09:16:27.436159,0 days 00:00:00.457270,0.7504930076957522,0.015704944793063766,2,9,400,9.97417776000979,0.04076689577942482,0.9925923309268192,COMPLETE
318,0.5684673242718661,2026-08-14 09:16:27.450262,2026-08-14 09:16:27.938401,0 days 00:00:00.488139,0.7628151404039413,0.015891592541944104,2,8,400,8.354576442190575,0.032912525364723375,0.8017573628269108,COMPLETE
319,0.5639253057147452,2026-08-14 09:16:27.952955,2026-08-14 09:16:28.703673,0 days 00:00:00.750718,0.7552530447802576,0.015482698176858765,2,9,500,9.969999873861934,0.047106953496888114,0.9929444627889015,COMPLETE
320,0.5716485191209388,2026-08-14 09:16:28.717827,2026-08-14 09:16:29.499548,0 days 00:00:00.781721,0.754549833199635,0.01730990969975525,2,9,400,6.7530466500367,0.04659838298392894,0.9946652866313025,COMPLETE
321,0.5672889229389678,2026-08-14 09:16:29.513731,2026-08-14 09:16:30.030734,0 days 00:00:00.517003,0.750982177296589,0.015333051962503124,2,9,400,8.354495309459518,0.0379308872538726,0.9933585085380762,COMPLETE
322,0.5771461678120475,2026-08-14 09:16:30.044927,2026-08-14 09:16:30.600465,0 days 00:00:00.555538,0.7435165986012225,0.01475878962766446,2,9,400,4.937025574353631,0.041234809304659364,0.9995909201007012,COMPLETE
323,0.5639816010801035,2026-08-14 09:16:30.614399,2026-08-14 09:16:31.563746,0 days 00:00:00.949347,0.7313561584150011,0.015907047347437097,2,9,500,9.983610270627874,0.03804916066430359,0.9909703427780058,COMPLETE
324,0.5706331858308407,2026-08-14 09:16:31.577846,2026-08-14 09:16:32.265423,0 days 00:00:00.687577,0.7487297041440731,0.015598127176866376,2,9,500,7.349821943764204,0.030737947401303735,0.9911680731011323,COMPLETE
325,0.5681851077929391,2026-08-14 09:16:32.278966,2026-08-14 09:16:33.219627,0 days 00:00:00.940661,0.7346579017264908,0.01609526403830993,2,9,500,8.222580192185708,0.04017780887351282,0.9899409785361367,COMPLETE
326,0.5639341621241817,2026-08-14 09:16:33.233246,2026-08-14 09:16:34.148146,0 days 00:00:00.914900,0.7243794432640315,0.016241408357788173,2,9,500,9.977192383021873,0.035946787538664995,0.994019745184647,COMPLETE
327,0.5736126042181017,2026-08-14 09:16:34.162101,2026-08-14 09:16:35.113168,0 days 00:00:00.951067,0.7221033923343337,0.01674534545849703,2,9,500,6.032563490544679,0.03525423355912455,0.9977963806313618,COMPLETE
328,0.5632694553656152,2026-08-14 09:16:35.127679,2026-08-14 09:16:36.058706,0 days 00:00:00.931027,0.7027674890478274,0.014707720602080872,2,9,500,9.975036556897695,0.016934464891075113,0.9996646111199105,COMPLETE
329,0.5676224028071093,2026-08-14 09:16:36.076124,2026-08-14 09:16:36.987879,0 days 00:00:00.911755,0.7015212441755146,0.01645657995488034,2,9,500,8.314975491918556,0.012940516884651648,0.9935490319683712,COMPLETE
330,0.5712815505502022,2026-08-14 09:16:37.002218,2026-08-14 09:16:37.695630,0 days 00:00:00.693412,0.7055514051552392,0.016757623836103318,2,8,500,6.9882466439576145,0.023276475406016812,0.9948980872886061,COMPLETE
331,0.5658189385601664,2026-08-14 09:16:37.709672,2026-08-14 09:16:38.353805,0 days 00:00:00.644133,0.684945050444492,0.014866570776535843,2,9,500,8.246169028157068,0.02403017310019806,0.9993983918190625,COMPLETE
332,0.5741988962871745,2026-08-14 09:16:38.367422,2026-08-14 09:16:39.077388,0 days 00:00:00.709966,0.7118870600985581,0.018275442901748984,2,9,500,6.277779383612766,0.03195489373786865,0.9893476418625836,COMPLETE
333,0.6316113965022458,2026-08-14 09:16:39.092237,2026-08-14 09:16:39.860799,0 days 00:00:00.768562,0.8551365925883991,0.01580025165886557,2,9,600,0.0017703332252908864,0.019073955555061743,0.9872411339491527,COMPLETE
334,0.565650443022989,2026-08-14 09:16:39.875173,2026-08-14 09:16:40.413938,0 days 00:00:00.538765,0.6916382120681925,0.014806554009819397,2,9,500,8.47982436010174,0.00919685299929902,0.9991627240110675,COMPLETE
335,0.5709055611740443,2026-08-14 09:16:40.426943,2026-08-14 09:16:40.979106,0 days 00:00:00.552163,0.7612942029063196,0.01731333802051445,2,9,500,7.303870649737648,0.006770107699857652,0.9887567966946327,COMPLETE
336,0.5642655689440371,2026-08-14 09:16:40.993516,2026-08-14 09:16:41.463407,0 days 00:00:00.469891,0.7157630791418487,0.014250368888639559,2,9,400,9.860534131669148,0.04314326118853939,0.9779485391284,COMPLETE
337,0.5650967838226574,2026-08-14 09:16:41.477933,2026-08-14 09:16:42.096984,0 days 00:00:00.619051,0.7530063163384562,0.015256857121825082,2,5,600,8.394529623721356,0.04987050477004096,0.9999739461940901,COMPLETE
338,0.5640228049413851,2026-08-14 09:16:42.110914,2026-08-14 09:16:42.571246,0 days 00:00:00.460332,0.6979568549520422,0.018239767987540133,2,9,400,9.907413276076058,0.017084546696765034,0.9869393295284516,COMPLETE
339,0.5771387518746633,2026-08-14 09:16:42.585599,2026-08-14 09:16:43.188552,0 days 00:00:00.602953,0.7416788569904297,0.014036228939748166,2,9,500,5.321218485733025,0.015020553670821467,0.992273300968863,COMPLETE
340,0.5643817027935765,2026-08-14 09:16:43.203090,2026-08-14 09:16:43.831325,0 days 00:00:00.628235,0.7077963370710816,0.016122752088224925,2,9,600,9.993341299360683,0.04056554070685599,0.9755399792441238,COMPLETE
341,0.5683353163462534,2026-08-14 09:16:43.846336,2026-08-14 09:16:44.391662,0 days 00:00:00.545326,0.719757624534564,0.014415351823972465,2,9,500,7.228052870818374,0.028073067064556548,0.9998542224658902,COMPLETE
342,0.5746882870297876,2026-08-14 09:16:44.406218,2026-08-14 09:16:44.997215,0 days 00:00:00.590997,0.9261811627306015,0.013645392245045166,2,7,500,6.2273475652086585,0.05597647798519152,0.9849616411301959,COMPLETE
343,0.5678322001687436,2026-08-14 09:16:45.010955,2026-08-14 09:16:45.558042,0 days 00:00:00.547087,0.9618744588481438,0.015452710945015529,2,8,500,8.348706501572863,0.033129520196468656,0.9923379844466669,COMPLETE
344,0.568788152725581,2026-08-14 09:16:45.571242,2026-08-14 09:16:46.211137,0 days 00:00:00.639895,0.7750008353666763,0.01677051886034991,2,9,600,8.295886210343607,0.04746796047979379,0.9797216149307684,COMPLETE
345,0.5766403951345844,2026-08-14 09:16:46.225059,2026-08-14 09:16:46.760816,0 days 00:00:00.535757,0.7301595440245308,0.1510289934821838,2,9,500,7.001193811953448,0.05864340205602634,0.9854389464614767,COMPLETE
346,0.6310988183754532,2026-08-14 09:16:46.775265,2026-08-14 09:16:47.972758,0 days 00:00:01.197493,0.7472150638659932,0.013118034246167401,2,9,1000,0.6550029461484747,0.03806474538975773,0.9712839591936402,COMPLETE
347,0.5646832995263956,2026-08-14 09:16:47.987000,2026-08-14 09:16:48.535963,0 days 00:00:00.548963,0.7586917258215878,0.014312627538834423,2,9,500,9.986055692675155,0.055104157429268885,0.7426450388138012,COMPLETE
348,0.5676705179382644,2026-08-14 09:16:48.550437,2026-08-14 09:16:49.171331,0 days 00:00:00.620894,0.7259548237442649,0.01284274202761217,2,9,600,8.26592759013106,0.043034843856222804,0.9935831914025782,COMPLETE
349,0.5633296442666693,2026-08-14 09:16:49.185786,2026-08-14 09:16:49.719233,0 days 00:00:00.533447,0.7392891712094832,0.011665494166784888,2,8,500,9.92762961478292,0.06523093178813923,0.9997757123788191,COMPLETE
350,0.5662717014057786,2026-08-14 09:29:18.562971,2026-08-14 09:29:18.871190,0 days 00:00:00.308219,0.7316510033974161,0.013752068512453254,2,8,100,5.981282586147021,0.04961597712858333,0.6087097358992478,COMPLETE
351,0.5677127334476033,2026-08-14 09:29:18.889826,2026-08-14 09:29:19.367297,0 days 00:00:00.477471,0.7181057730288124,0.011931895788249694,2,8,400,7.607746755164399,0.0650980504933048,0.9991084943973118,COMPLETE
352,0.5688934088063131,2026-08-14 09:29:19.380803,2026-08-14 09:29:19.971138,0 days 00:00:00.590335,0.8788786507875535,0.015226362909177518,2,8,500,8.650247532962243,0.07043269123455961,0.783226980020221,COMPLETE
353,0.5713812742504566,2026-08-14 09:29:19.986047,2026-08-14 09:29:20.569723,0 days 00:00:00.583676,0.7373105588068454,0.01319367308588647,2,7,500,7.002763359938407,0.02524879341826394,0.9923003603471633,COMPLETE
354,0.5675708077259551,2026-08-14 09:29:20.583320,2026-08-14 09:29:21.147479,0 days 00:00:00.564159,0.7099391442367444,0.01252591771923219,2,9,500,8.397748830109757,0.03386330009579592,0.9865343516471236,COMPLETE
355,0.5633757206401214,2026-08-14 09:29:21.160986,2026-08-14 09:29:21.778152,0 days 00:00:00.617166,0.7517595870248797,0.018004827515057255,2,8,600,9.980316558707488,0.05814121050324403,0.9995555596476929,COMPLETE
356,0.5807468145768555,2026-08-14 09:29:21.793156,2026-08-14 09:29:22.448141,0 days 00:00:00.654985,0.7229832892594547,0.06385534089965324,2,8,600,4.786019615947847,0.07623378693400269,0.9985800126758718,COMPLETE
357,0.572572787550201,2026-08-14 09:29:22.462013,2026-08-14 09:29:23.103569,0 days 00:00:00.641556,0.7411166962536334,0.01864469064584735,2,8,600,6.289661545333474,0.04649900034619411,0.9993324303270782,COMPLETE
358,0.5632583312169354,2026-08-14 09:29:23.118014,2026-08-14 09:29:23.739833,0 days 00:00:00.621819,0.7320040824912712,0.016986883496485385,2,8,600,9.997962824421043,0.06200823324966139,0.999723067469538,COMPLETE
359,0.5649121765033469,2026-08-14 09:29:23.757640,2026-08-14 09:29:24.376341,0 days 00:00:00.618701,0.7325614897514788,0.017979779298177494,2,6,600,8.500438818264149,0.067021239453929,0.9999991750566768,COMPLETE
360,0.5640716200245055,2026-08-14 09:29:24.390519,2026-08-14 09:29:25.017414,0 days 00:00:00.626895,0.7455709789066008,0.017130698180351896,2,8,600,9.97849675306335,0.060869348179693646,0.9913227197539703,COMPLETE
361,0.5711544617590437,2026-08-14 09:29:25.031939,2026-08-14 09:29:25.683868,0 days 00:00:00.651929,0.7595728556802391,0.016181695719330584,2,8,600,7.244609483579371,0.0399385194966594,0.9917683984574801,COMPLETE
362,0.5653758274241142,2026-08-14 09:29:25.698319,2026-08-14 09:29:26.322924,0 days 00:00:00.624605,0.7280305582827113,0.019326574613815165,2,8,600,8.359207083978836,0.077289855478112,0.9998287923962326,COMPLETE
363,0.5721170837725114,2026-08-14 09:29:26.337906,2026-08-14 09:29:26.997205,0 days 00:00:00.659299,0.8090588982796609,0.01606989271854109,2,8,600,7.138754647032393,0.050523883839117274,0.9818708796986676,COMPLETE
364,0.5642310215249523,2026-08-14 09:29:27.011142,2026-08-14 09:29:27.637364,0 days 00:00:00.626222,0.7895747789771032,0.017808862101537416,2,8,600,9.913576239012936,0.06136581471262433,0.9905419106635839,COMPLETE
365,0.5782622401394713,2026-08-14 09:29:27.651222,2026-08-14 09:29:28.365381,0 days 00:00:00.714159,0.7685301965137432,0.01757885299616139,2,8,600,5.489330368787324,0.03462353682876195,0.985038542554278,COMPLETE
366,0.5671095880710608,2026-08-14 09:29:28.380651,2026-08-14 09:29:29.045665,0 days 00:00:00.665014,0.7488733255631908,0.011636979451622263,2,7,600,8.47880146048954,0.04383829010734652,0.9923643664820332,COMPLETE
367,0.5722634638674912,2026-08-14 09:29:29.060411,2026-08-14 09:29:29.717047,0 days 00:00:00.656636,0.6986274179119513,0.016750696408086626,2,8,600,7.148807681147803,0.07465520900674566,0.9780774070039868,COMPLETE
368,0.5677634860230059,2026-08-14 09:29:29.731150,2026-08-14 09:29:30.374255,0 days 00:00:00.643105,0.7355719376088895,0.014873156097868281,2,8,600,8.378212905202577,0.05474172260044318,0.991948930616306,COMPLETE
369,0.6360152800563643,2026-08-14 09:29:30.388567,2026-08-14 09:29:31.164270,0 days 00:00:00.775703,0.8383557334217694,0.019538374498445518,2,9,600,0.33445165811201943,0.08352535188424862,0.9842480083757968,COMPLETE
370,0.5716519578542203,2026-08-14 09:29:31.178748,2026-08-14 09:29:31.830630,0 days 00:00:00.651882,0.7187497762412105,0.011304903804813062,2,9,600,6.220152251112098,0.030427346639320025,0.9999979692436931,COMPLETE
371,0.5645718699483852,2026-08-14 09:29:31.844917,2026-08-14 09:29:32.398249,0 days 00:00:00.553332,0.7552996381065886,0.0160059388904104,2,9,500,9.986571272281957,0.05874594214948508,0.9722161562469578,COMPLETE
372,0.5691346290645075,2026-08-14 09:29:32.412821,2026-08-14 09:29:32.947445,0 days 00:00:00.534624,0.7397350607399514,0.09358076340384096,2,8,500,8.579826534015348,0.03930085456257102,0.987731942748698,COMPLETE
373,0.564172246421439,2026-08-14 09:29:32.961782,2026-08-14 09:29:33.611832,0 days 00:00:00.650050,0.7097690623721613,0.011810622993585033,2,9,600,9.917643966580545,0.06500439129199932,0.9792269204427775,COMPLETE
374,0.5702947079642638,2026-08-14 09:29:33.626145,2026-08-14 09:29:34.197687,0 days 00:00:00.571542,0.7252814027411257,0.011098468749445783,2,9,500,7.246846855664835,0.05093279823086545,0.9936090549248091,COMPLETE
375,0.5676449589313566,2026-08-14 09:29:34.212411,2026-08-14 09:29:34.770117,0 days 00:00:00.557706,0.7461124925550756,0.015164960285567911,2,8,500,8.4811700572271,0.07776720375427996,0.9851781203751439,COMPLETE
376,0.5642602902695182,2026-08-14 09:29:34.783912,2026-08-14 09:29:35.249748,0 days 00:00:00.465836,0.7333097043397284,0.01260216216418061,2,9,400,9.908948258749424,0.006806530255411291,0.9672042614182695,COMPLETE
377,0.5709487310303398,2026-08-14 09:29:35.263848,2026-08-14 09:29:35.911617,0 days 00:00:00.647769,0.7601805138222443,0.017297743248486302,2,7,600,7.294367827783421,0.02881317298459985,0.9922110683044396,COMPLETE
378,0.564202674617528,2026-08-14 09:29:35.926034,2026-08-14 09:29:36.470659,0 days 00:00:00.544625,0.7143629288739713,0.014679134486359581,2,9,500,9.971053836850864,0.047345788624926353,0.9780204064858748,COMPLETE
379,0.5753227072958392,2026-08-14 09:29:36.484947,2026-08-14 09:29:37.086204,0 days 00:00:00.601257,0.7220749717542564,0.011595539913805651,2,7,500,5.713546262117911,0.08868502197986866,0.9926741779210934,COMPLETE
380,0.5683936354746968,2026-08-14 09:29:37.100421,2026-08-14 09:29:37.756508,0 days 00:00:00.656087,0.893864705684005,0.012832690796409063,2,9,600,8.30315521506329,0.03641028117871423,0.9849330079097285,COMPLETE
381,0.5699584253672165,2026-08-14 09:29:37.770646,2026-08-14 09:29:38.369779,0 days 00:00:00.599133,0.739810614559807,0.010790633764932138,2,9,500,6.76092569922865,0.021871122254650585,0.999212580637854,COMPLETE
382,0.5686842452919102,2026-08-14 09:29:38.395573,2026-08-14 09:29:39.454735,0 days 00:00:01.059162,0.750338917595299,0.018857304858350857,2,9,500,8.381965185046479,0.06836228132922029,0.9728801170306939,COMPLETE
383,0.568186886370309,2026-08-14 09:29:39.481625,2026-08-14 09:29:40.658029,0 days 00:00:01.176404,0.776878528356387,0.014054586215671183,2,10,600,7.283088366161594,0.0012379200312859328,0.9998956881144004,COMPLETE
384,0.5649178804732069,2026-08-14 09:29:40.682098,2026-08-14 09:29:42.173377,0 days 00:00:01.491279,0.9108058507785565,0.012171707183457921,2,9,500,9.90088616547771,0.04402833945926738,0.9594877928669606,COMPLETE
385,0.6253032852133054,2026-08-14 09:29:42.188545,2026-08-14 09:29:42.996267,0 days 00:00:00.807722,0.7291210116989307,0.015689158928005462,2,8,500,0.03259362455730291,0.01551700523257702,0.9814702071427193,COMPLETE
386,0.6187578084359605,2026-08-14 09:29:43.010390,2026-08-14 09:29:44.013931,0 days 00:00:01.003541,0.7415668762925872,0.013262942769220711,2,10,600,0.11644370421022666,0.0835935163854313,0.9891718219599358,COMPLETE
387,0.5738827955437469,2026-08-14 09:29:44.028549,2026-08-14 09:29:44.858882,0 days 00:00:00.830333,0.9981087090925909,0.21551958296016832,2,8,400,8.353154358633546,0.059253117065315955,0.9754410675070849,COMPLETE
388,0.5716247289532344,2026-08-14 09:29:44.873731,2026-08-14 09:29:45.810437,0 days 00:00:00.936706,0.7035430595598348,0.011119483008999852,2,9,500,6.324350367130925,0.06799745356362154,0.9996977738117692,COMPLETE
389,0.580527750075934,2026-08-14 09:29:45.824313,2026-08-14 09:29:46.823340,0 days 00:00:00.999027,0.716574635634956,0.016597475742979477,2,10,500,4.899883613900738,0.040697596393283735,0.986011055424894,COMPLETE
390,0.5675885997426174,2026-08-14 09:29:46.839431,2026-08-14 09:29:47.974571,0 days 00:00:01.135140,0.7319690202984004,0.011969370085721279,2,9,600,8.29456387993027,5.107952427309052,0.991561957377614,COMPLETE
391,0.570729325395283,2026-08-14 09:29:47.990237,2026-08-14 09:29:48.987592,0 days 00:00:00.997355,0.7508650175000396,0.014214285237735965,2,10,500,7.4716473562023555,0.028054065377919248,0.9797544719488925,COMPLETE
392,0.5678003735160331,2026-08-14 09:29:49.002466,2026-08-14 09:29:49.998149,0 days 00:00:00.995683,0.7616868734839632,0.012568864898384286,2,5,500,8.501580349557674,0.051005386569686464,0.9692150999261822,COMPLETE
393,0.5743019880407402,2026-08-14 09:29:50.014308,2026-08-14 09:29:51.182649,0 days 00:00:01.168341,0.7236008952991474,0.0106973743192041,2,10,600,6.023231015406157,0.08327572366352874,0.9905668018690698,COMPLETE
394,0.5637024518623563,2026-08-14 09:29:51.196569,2026-08-14 09:29:51.666752,0 days 00:00:00.470183,0.7690781876027527,0.011509180544852603,2,9,400,9.970371632502294,0.05923470817428823,0.9930436662436742,COMPLETE
395,0.5707869805121473,2026-08-14 09:29:51.682103,2026-08-14 09:29:52.193545,0 days 00:00:00.511442,0.7696552491287542,0.011060178903108323,2,8,400,7.132800462748801,0.06262700567820075,0.981725928923359,COMPLETE
396,0.5653265623063757,2026-08-14 09:29:52.208313,2026-08-14 09:29:52.683519,0 days 00:00:00.475206,0.7633672895066982,0.011281501262667828,2,9,400,8.47505281600442,0.07354655803921249,0.9994838547283399,COMPLETE
397,0.5645368248794089,2026-08-14 09:29:52.697940,2026-08-14 09:29:53.171442,0 days 00:00:00.473502,0.7763198808899429,0.01769669046319749,2,10,400,9.926169783268602,0.09446484302082746,0.9742303709646954,COMPLETE
398,0.5644209661291862,2026-08-14 09:29:53.185516,2026-08-14 09:29:53.657048,0 days 00:00:00.471532,0.8705814511589189,0.02047159558629562,2,9,400,9.933971918465419,0.05409430497484928,0.9862040358640398,COMPLETE
399,0.5717047819469616,2026-08-14 09:29:53.672019,2026-08-14 09:29:54.174527,0 days 00:00:00.502508,0.754317613433275,0.01565838398119015,2,10,400,7.252054367149968,0.060840167234329515,0.962363468472733,COMPLETE
400,0.5638021879480104,2026-08-14 09:38:26.374007,2026-08-14 09:38:26.887372,0 days 00:00:00.513365,0.7704901378225756,0.011660703295111412,2,9,400,9.922870177750903,0.089027588677997,0.9922733877584695,COMPLETE
401,0.5733113946044981,2026-08-14 09:38:26.906719,2026-08-14 09:38:27.416782,0 days 00:00:00.510063,0.7731317145771444,0.011628828860646126,2,8,400,5.680255803266112,0.09680533030360948,0.9998967228713483,COMPLETE
402,0.5674507506451862,2026-08-14 09:38:27.431257,2026-08-14 09:38:27.916248,0 days 00:00:00.484991,0.7870163052562343,0.010517564583690783,2,10,400,8.359363396397995,0.08353806617425794,0.9805326066288048,COMPLETE
403,0.5716366912416622,2026-08-14 09:38:27.930901,2026-08-14 09:38:28.445187,0 days 00:00:00.514286,0.7787781648128203,0.010017297365636394,2,6,400,6.733068373507059,0.10282877428033275,0.9912393883373691,COMPLETE
404,0.5681374176899104,2026-08-14 09:38:28.459097,2026-08-14 09:38:28.946314,0 days 00:00:00.487217,0.7664206615187574,0.011980618093261092,2,9,400,8.135396707994234,0.01099826372183391,0.9848912481867584,COMPLETE
