number,value,datetime_start,datetime_complete,duration,params_colsample_bytree,params_learning_rate,params_max_depth,params_min_child_weight,params_n_estimators,params_reg_alpha,params_reg_lambda,params_subsample,state
203,0.5684597509324829,2026-08-14 08:57:44.825375,2026-08-14 08:57:45.382426,0 days 00:00:00.557051,0.7103866586047015,0.013968150435255598,2,10,500,7.969227128132446,0.08685897196570269,0.9935287040837522,COMPLETE
204,0.5713936277219736,2026-08-14 08:57:45.396839,2026-08-14 08:57:46.162735,0 days 00:00:00.765896,0.7211613634656383,0.010711131686157864,2,10,700,7.205244776365875,0.11862877160738627,0.9804367108906684,COMPLETE
205,0.5645665352128997,2026-08-14 08:57:46.176593,2026-08-14 08:57:46.736736,0 days 00:00:00.560143,0.7412313829103279,0.01168019039322785,2,9,500,9.905077707500256,0.06724114850376227,0.9603900805755513,COMPLETE
206,0.5751380019627167,2026-08-14 08:57:46.750804,2026-08-14 08:57:47.427293,0 days 00:00:00.676489,0.704572105621535,0.01363859585236652,2,10,600,6.0620440525684005,0.08360191372289916,0.984583514052826,COMPLETE
207,0.568627014232837,2026-08-14 08:57:47.441769,2026-08-14 08:57:48.007818,0 days 00:00:00.566049,0.7142309966024056,0.015026655872300914,2,10,500,8.259313559323644,0.16226572950701285,0.9724951857458612,COMPLETE
208,0.5667237047074977,2026-08-14 08:57:48.022175,2026-08-14 08:57:48.576268,0 days 00:00:00.554093,0.7254232115663184,0.012072358164242658,2,10,500,8.481937614160529,0.09869527614460886,0.9944477962897226,COMPLETE
209,0.5643965607707921,2026-08-14 08:57:48.590377,2026-08-14 08:57:49.227318,0 days 00:00:00.636941,0.7353850902759391,0.010786744061597112,2,9,600,9.98283320377901,0.05256507742931273,0.9662092125901361,COMPLETE
210,0.5720487149075983,2026-08-14 08:57:49.241706,2026-08-14 08:57:49.832690,0 days 00:00:00.590984,0.7343517585708561,0.011091827959966787,2,9,500,7.04917486678526,0.05113934967495912,0.9647594781300421,COMPLETE
211,0.5645007896373972,2026-08-14 08:57:49.846938,2026-08-14 08:57:50.483062,0 days 00:00:00.636124,0.7448709495212291,0.010133930559081867,2,9,600,9.800618343903267,0.05834697671266909,0.97755884210042,COMPLETE
212,0.5685657515719726,2026-08-14 08:57:50.497227,2026-08-14 08:57:51.152442,0 days 00:00:00.655215,0.7444047230525241,0.010046192343425986,2,9,600,8.363159571767412,0.05582534636076445,0.9532380875819746,COMPLETE
213,0.5677040662140382,2026-08-14 08:57:51.166771,2026-08-14 08:57:51.806283,0 days 00:00:00.639512,0.7346287029317067,0.011391509856551208,2,9,600,8.500276908878025,0.044178902135949674,0.9756293988860051,COMPLETE
214,0.5645951228751404,2026-08-14 08:57:51.820549,2026-08-14 08:57:52.376753,0 days 00:00:00.556204,0.6949090847364954,0.010661857874094988,2,9,500,9.711965644695232,0.0763596561253733,0.9699574148697873,COMPLETE
215,0.5715063475131335,2026-08-14 08:57:52.390990,2026-08-14 08:57:53.047510,0 days 00:00:00.656520,0.7234021320314048,0.01199327737956109,2,10,600,7.033503354392858,0.03556176387479731,0.9881567165254641,COMPLETE
216,0.5640028355056341,2026-08-14 08:57:53.062326,2026-08-14 08:57:53.615478,0 days 00:00:00.553152,0.7410421708244803,0.010016697055029129,2,9,500,9.991030141226553,0.1191354453959947,0.976933069050529,COMPLETE
217,0.5694728928636194,2026-08-14 08:57:53.628991,2026-08-14 08:57:54.183406,0 days 00:00:00.554415,0.7152110232125621,0.014562374704930608,2,10,500,7.265732545273594,0.1301095416931155,0.9981654801815405,COMPLETE
218,0.5643627583924634,2026-08-14 08:57:54.196854,2026-08-14 08:57:54.743596,0 days 00:00:00.546742,0.7379993822924281,0.010958632042684793,2,10,500,9.938808308495366,0.11350456586530637,0.9591099274517912,COMPLETE
219,0.5760544708266047,2026-08-14 08:57:54.757303,2026-08-14 08:57:55.555680,0 days 00:00:00.798377,0.7508953684803202,0.010897858573107006,2,9,700,6.232964957054612,0.1078695117797833,0.9569111800872646,COMPLETE
220,0.5639769865988015,2026-08-14 08:57:55.569787,2026-08-14 08:57:56.109793,0 days 00:00:00.540006,0.7413652209089852,0.01148885820957768,2,10,500,9.980255412987539,0.09311755719946278,0.9808128401756264,COMPLETE
221,0.5679547829622362,2026-08-14 08:57:56.124474,2026-08-14 08:57:56.685131,0 days 00:00:00.560657,0.7415958539200522,0.011438494204515882,2,10,500,8.293908809299303,0.11082202021280936,0.9838816212371035,COMPLETE
222,0.5640804586863273,2026-08-14 08:57:56.699048,2026-08-14 08:57:57.241295,0 days 00:00:00.542247,0.7266871886827743,0.010715111128829691,2,10,500,9.914462058294292,0.09103648597854336,0.9777194329018177,COMPLETE
223,0.5664266124164065,2026-08-14 08:57:57.255236,2026-08-14 08:57:57.845134,0 days 00:00:00.589898,0.7259593909026103,0.012270876089073028,2,10,500,8.271844117655148,0.08993044399793196,0.6468990881336639,COMPLETE
224,0.5678232862816783,2026-08-14 08:57:57.859910,2026-08-14 08:57:58.424321,0 days 00:00:00.564411,0.7483156359079842,0.011421555307001532,2,10,500,8.256215421084294,0.12139372222826086,0.9894955503013649,COMPLETE
225,0.5641159052254812,2026-08-14 08:57:58.438284,2026-08-14 08:57:59.013776,0 days 00:00:00.575492,0.7591771349130371,0.010096956602747315,2,10,500,9.911092959253837,0.0970198999242033,0.977617493614382,COMPLETE
226,0.5711814929973144,2026-08-14 08:57:59.027656,2026-08-14 08:57:59.628608,0 days 00:00:00.600952,0.7592247993147364,0.010026406933021014,2,10,500,7.1034149530596755,0.09337055590394687,0.9782453807108661,COMPLETE
227,0.563945471203381,2026-08-14 08:57:59.642350,2026-08-14 08:58:00.178108,0 days 00:00:00.535758,0.7649640789002778,0.012075859301442272,2,10,500,9.983124430094819,0.07168553421955874,0.9895890769502266,COMPLETE
228,0.5762888853145937,2026-08-14 08:58:00.192398,2026-08-14 08:58:00.802016,0 days 00:00:00.609618,0.7196549601098758,0.012185546538353036,2,10,500,5.504537733076391,0.07828499586700079,0.9895731936898283,COMPLETE
229,0.568652854231374,2026-08-14 08:58:00.906045,2026-08-14 08:58:01.467073,0 days 00:00:00.561028,0.7681491622657743,0.010013937242269042,2,10,500,7.394817740603763,0.0776883845643458,0.9984028493487157,COMPLETE
230,0.5668537771050794,2026-08-14 08:58:01.481093,2026-08-14 08:58:02.042656,0 days 00:00:00.561563,0.7067470622802161,0.010678598366207794,2,10,500,8.634513469060138,0.09669136751249188,0.9828767231353427,COMPLETE
231,0.5641188785000335,2026-08-14 08:58:02.057604,2026-08-14 08:58:02.613490,0 days 00:00:00.555886,0.7551334441076619,0.013279565781030709,2,10,500,9.999179637147313,0.14246271389487233,0.978991586408634,COMPLETE
232,0.5675954794047637,2026-08-14 08:58:02.627517,2026-08-14 08:58:03.209715,0 days 00:00:00.582198,0.7617869331608795,0.012539191980174951,2,10,500,8.405443601374566,0.06578770020762419,0.9870865078217118,COMPLETE
233,0.5674085018374975,2026-08-14 08:58:03.224214,2026-08-14 08:58:03.793729,0 days 00:00:00.569515,0.7519625233656251,0.011552644184240653,2,10,500,8.520899091668348,0.13048584503907226,0.9782493511967439,COMPLETE
234,0.5641179336420254,2026-08-14 08:58:03.807666,2026-08-14 08:58:04.351729,0 days 00:00:00.544063,0.7284244611825169,0.01448628784457123,2,10,500,9.911739857220192,0.07133561886071262,0.9882173980317914,COMPLETE
235,0.5637993314047871,2026-08-14 08:58:04.366781,2026-08-14 08:58:04.914957,0 days 00:00:00.548176,0.7286195689422496,0.012866771910346688,2,10,500,9.996361556835927,0.06925105152554298,0.991721881576064,COMPLETE
236,0.5706123505494091,2026-08-14 08:58:04.929183,2026-08-14 08:58:05.521613,0 days 00:00:00.592430,0.7277357527721868,0.011698255313033699,2,10,500,7.359040152651423,0.07239103429650165,0.9846650359367934,COMPLETE
237,0.5712116155853113,2026-08-14 08:58:05.536936,2026-08-14 08:58:06.131050,0 days 00:00:00.594114,0.7295963205058316,0.010578379442809167,2,10,500,6.538852374652176,0.06459239622158712,0.9993584431334641,COMPLETE
238,0.5687636004456056,2026-08-14 08:58:06.145644,2026-08-14 08:58:06.723972,0 days 00:00:00.578328,0.7423775393311095,0.012517626047470925,2,10,500,8.085361755401333,0.10152525947715715,0.9802483994530052,COMPLETE
239,0.5643583879159157,2026-08-14 08:58:06.738275,2026-08-14 08:58:07.302424,0 days 00:00:00.564149,0.97516674986103,0.011276630418455237,2,10,500,9.818912319223596,0.07704243433944802,0.9888081194003384,COMPLETE
240,0.5704936572718549,2026-08-14 08:58:07.316602,2026-08-14 08:58:07.914598,0 days 00:00:00.597996,0.7193089025509063,0.014546508763426946,2,10,500,7.289963786182888,0.11978517294497051,0.9930293022278291,COMPLETE
241,0.5673647782924192,2026-08-14 08:58:07.929120,2026-08-14 08:58:08.503387,0 days 00:00:00.574267,0.7455297768454546,0.012623987401261827,2,10,500,8.379114244099416,0.14874342339015922,0.9925850453180525,COMPLETE
242,0.5643401615583923,2026-08-14 08:58:08.518866,2026-08-14 08:58:09.089973,0 days 00:00:00.571107,0.7550498073197419,0.013152715320144882,2,10,500,9.883680722372477,0.13503280090377873,0.9791482466828755,COMPLETE
243,0.5674067892201647,2026-08-14 08:58:09.104448,2026-08-14 08:58:09.932833,0 days 00:00:00.828385,0.7347485176877008,0.010569031702404237,2,10,800,8.493173943978773,0.09448451118567365,0.9892913595680811,COMPLETE
244,0.5640237558949506,2026-08-14 08:58:09.946970,2026-08-14 08:58:10.499027,0 days 00:00:00.552057,0.7650043484234953,0.013403454542123732,2,10,500,9.99245282637428,0.06855321783842462,0.9825379208020153,COMPLETE
245,0.5649764850430334,2026-08-14 08:58:10.513691,2026-08-14 08:58:11.064729,0 days 00:00:00.551038,0.7659614787751416,0.015450456466205147,2,10,500,9.852785568108136,0.061616126214362216,0.7596301689556477,COMPLETE
246,0.5641735143453598,2026-08-14 08:58:11.079008,2026-08-14 08:58:11.624250,0 days 00:00:00.545242,0.7255288770116378,0.011885815982744893,2,10,500,9.934971679760023,0.07383415227631553,0.9762414224064464,COMPLETE
247,0.5712089001630647,2026-08-14 08:58:11.638205,2026-08-14 08:58:12.211577,0 days 00:00:00.573372,0.7238254099362037,0.011941202262744952,2,10,500,7.21627950377046,0.07355377481619761,0.9764617000405625,COMPLETE
248,0.5682033908476014,2026-08-14 08:58:12.225173,2026-08-14 08:58:12.793408,0 days 00:00:00.568235,0.7294621722596727,0.011308821121750079,2,10,500,8.260786950097799,0.08335434297344281,0.9703765799225406,COMPLETE
249,0.5638905327730537,2026-08-14 08:58:12.807593,2026-08-14 08:58:13.355240,0 days 00:00:00.547647,0.7183957533897618,0.010054575140000544,2,10,500,9.996828479313804,0.11226834166092398,0.9778864691332783,COMPLETE
250,0.5715440884197888,2026-08-14 09:09:17.829796,2026-08-14 09:09:18.461369,0 days 00:00:00.631573,0.7147292769992625,0.010078556985507163,2,10,500,6.323313917397823,0.10915955009400187,0.9999762185989156,COMPLETE
251,0.5686975318890983,2026-08-14 09:09:18.482188,2026-08-14 09:09:19.062760,0 days 00:00:00.580572,0.7377146785730704,0.010615575663596057,2,10,500,8.014104295366378,0.11857990426526963,0.9841304352047238,COMPLETE
252,0.5682305323546987,2026-08-14 09:09:19.077477,2026-08-14 09:09:19.655644,0 days 00:00:00.578167,0.7710929976161573,0.010922883083155031,2,10,500,8.330311998343367,0.09698938373592897,0.9657741679779668,COMPLETE
253,0.5641630156441088,2026-08-14 09:09:19.669623,2026-08-14 09:09:20.212725,0 days 00:00:00.543102,0.7172912001106238,0.014022528822525599,2,10,500,9.894922338511233,0.138014171678047,0.9809734697917809,COMPLETE
254,0.5726557804928145,2026-08-14 09:09:20.226934,2026-08-14 09:09:20.800333,0 days 00:00:00.573399,0.69836331987006,0.014228789352624855,2,10,500,6.690438934246533,0.010735506554561873,0.9827903284453872,COMPLETE
255,0.614814299898139,2026-08-14 09:09:20.814194,2026-08-14 09:09:21.484283,0 days 00:00:00.670089,0.7085288143257246,0.01418451143370949,2,10,500,0.07883035396992627,0.1360570675967436,0.9814762555914402,COMPLETE
256,0.5637287559022882,2026-08-14 09:09:21.498244,2026-08-14 09:09:22.034058,0 days 00:00:00.535814,0.7181107629421011,0.010002575731993842,2,10,500,9.991777893760162,0.09016945188755568,0.9911476728277936,COMPLETE
257,0.5694329761805363,2026-08-14 09:09:22.051329,2026-08-14 09:09:22.622235,0 days 00:00:00.570906,0.720927683603119,0.010064264330288222,2,10,500,7.493310682969665,0.08537648263006804,0.992222589340449,COMPLETE
258,0.6023060425080602,2026-08-14 09:09:22.635917,2026-08-14 09:09:23.293742,0 days 00:00:00.657825,0.7349846469685076,0.010022096352072987,2,10,500,0.010887608126938671,0.09949992127859439,0.992111622276318,COMPLETE
259,0.57269440169422,2026-08-14 09:09:23.307027,2026-08-14 09:09:23.877217,0 days 00:00:00.570190,0.71434772676878,0.010984078116157458,2,10,500,5.951663370558004,0.06354313088731664,0.999639880560544,COMPLETE
260,0.564071103179504,2026-08-14 09:09:23.891415,2026-08-14 09:09:24.435611,0 days 00:00:00.544196,0.7286503600692715,0.01071037048071087,2,10,500,9.954667228860993,0.11375429912442615,0.9727588047251421,COMPLETE
261,0.5684566643583244,2026-08-14 09:09:24.449651,2026-08-14 09:09:25.007322,0 days 00:00:00.557671,0.72261599929164,0.010622887480251607,2,10,500,8.150414971985143,0.09792285105790044,0.9705879958304987,COMPLETE
262,0.5679117574954664,2026-08-14 09:09:25.021063,2026-08-14 09:09:25.666125,0 days 00:00:00.645062,0.7313117550214673,0.010005594506635887,2,10,500,8.130134668242135,0.08541802986909593,0.9891570782744892,COMPLETE
263,0.5646602318933025,2026-08-14 09:09:25.680162,2026-08-14 09:09:26.228562,0 days 00:00:00.548400,0.936401830656588,0.011034080217126502,2,10,500,9.95428707087626,0.111750769926029,0.9653934318269702,COMPLETE
264,0.573335142771811,2026-08-14 09:09:26.242637,2026-08-14 09:09:26.994875,0 days 00:00:00.752238,0.7605827059818742,0.01211388023486743,2,10,700,6.723658716207221,0.07171446806973256,0.9758604771190014,COMPLETE
265,0.5723906120218064,2026-08-14 09:09:27.009363,2026-08-14 09:09:27.535158,0 days 00:00:00.525795,0.7287410787495897,0.26158807967186487,2,10,500,8.239467022087087,0.045955111743653396,0.9877360484330843,COMPLETE
266,0.5763728650235033,2026-08-14 09:09:27.549921,2026-08-14 09:09:28.164972,0 days 00:00:00.615051,0.712703361081358,0.010693293507085788,2,8,500,5.55005673262917,0.11059135012455115,0.9734855283182713,COMPLETE
267,0.5707855197417993,2026-08-14 09:09:28.179601,2026-08-14 09:09:28.745397,0 days 00:00:00.565796,0.7418549481944521,0.01157381165929141,2,10,500,7.10702231693658,0.09229968669916327,0.9923382246841619,COMPLETE
268,0.5672521151061871,2026-08-14 09:09:28.759064,2026-08-14 09:09:29.312883,0 days 00:00:00.553819,0.757041027791086,0.010678635690674879,2,10,500,8.520326626680045,0.06713384179275973,0.9842809122453032,COMPLETE
269,0.5678440234152495,2026-08-14 09:09:29.327143,2026-08-14 09:09:29.881766,0 days 00:00:00.554623,0.7031663011693368,0.012158000248171008,2,10,500,8.502569195059042,0.08576208499876282,0.9637489028481363,COMPLETE
270,0.5653676727741921,2026-08-14 09:09:29.895308,2026-08-14 09:09:30.769368,0 days 00:00:00.874060,0.7853105290608012,0.011392177923477523,2,10,900,9.876027849136028,0.15225518220261847,0.7210361391941785,COMPLETE
271,0.5733994851656858,2026-08-14 09:09:30.783336,2026-08-14 09:09:31.359657,0 days 00:00:00.576321,0.7242791048570026,0.015787145189753486,2,10,500,6.6718379455802195,0.12087785298015331,0.9770563867994994,COMPLETE
272,0.5699560715601173,2026-08-14 09:09:31.373335,2026-08-14 09:09:31.928780,0 days 00:00:00.555445,0.7662004161650995,0.010517525992638919,2,7,500,7.327223212844956,0.056101639826455094,0.9939400162136889,COMPLETE
273,0.563286031642904,2026-08-14 09:09:31.942432,2026-08-14 09:09:32.475688,0 days 00:00:00.533256,0.730626745961303,0.012632467238218812,2,10,500,9.948632173637764,0.07909655304369162,0.9997642606447422,COMPLETE
274,0.5761968758664294,2026-08-14 09:09:32.493525,2026-08-14 09:09:33.077294,0 days 00:00:00.583769,0.7322328894747088,0.013459255168555258,2,10,500,5.173200562412198,0.0787720050669558,0.9994412974547795,COMPLETE
275,0.5677743527686003,2026-08-14 09:09:33.090955,2026-08-14 09:09:33.869989,0 days 00:00:00.779034,0.714318663302399,0.012560879621683034,2,10,800,8.409265850140473,0.06770341334091212,0.9885291228338304,COMPLETE
276,0.5732803432389921,2026-08-14 09:09:33.883719,2026-08-14 09:09:34.538384,0 days 00:00:00.654665,0.7211192597461451,0.011967455550783108,2,10,500,6.286535821862349,0.09483849553761148,0.6835835125648767,COMPLETE
277,0.5633225432758582,2026-08-14 09:09:34.552775,2026-08-14 09:09:35.217765,0 days 00:00:00.664990,0.7388513244287818,0.012970706137327837,2,9,600,9.971207421417974,0.0498646130021043,0.9998498891797798,COMPLETE
278,0.5663951993040635,2026-08-14 09:09:35.233658,2026-08-14 09:09:35.880721,0 days 00:00:00.647063,0.730853919778763,0.011256136878071761,2,9,600,8.227526927264671,0.04912133086827139,0.9982909000033257,COMPLETE
279,0.5639867722709657,2026-08-14 09:09:35.895464,2026-08-14 09:09:36.525955,0 days 00:00:00.630491,0.7429486976233257,0.012522485519201732,2,9,600,9.931231054545991,0.03850888110296987,0.9941235188232876,COMPLETE
280,0.5684522212840915,2026-08-14 09:09:36.541014,2026-08-14 09:09:37.182466,0 days 00:00:00.641452,0.743411516667537,0.012287377549621909,2,9,600,7.565476289413752,0.02597325817698303,0.9989180268149154,COMPLETE
281,0.5639050613854814,2026-08-14 09:09:37.196662,2026-08-14 09:09:37.831388,0 days 00:00:00.634726,0.7371512058782007,0.011755819142427864,2,9,600,9.990677207671702,0.050523464161482956,0.9925175206121789,COMPLETE
282,0.5707186181103505,2026-08-14 09:09:37.845270,2026-08-14 09:09:38.516020,0 days 00:00:00.670750,0.7371247635232594,0.012750885244741135,2,8,600,7.253163980012516,0.04788247076647407,0.9932092658971036,COMPLETE
283,0.5657635958536009,2026-08-14 09:09:38.531422,2026-08-14 09:09:39.231627,0 days 00:00:00.700205,0.7433816297663519,0.011612098497871313,2,9,700,8.384899245305867,0.028526715171107737,0.9992841778222408,COMPLETE
284,0.5734772730463213,2026-08-14 09:09:39.245818,2026-08-14 09:09:39.915359,0 days 00:00:00.669541,0.7195748718626321,0.013024056234253427,2,9,600,6.393544654950471,0.05093221975690889,0.9903684396611203,COMPLETE
285,0.5670027941013552,2026-08-14 09:09:39.929821,2026-08-14 09:09:40.593043,0 days 00:00:00.663222,0.8959749984850873,0.011367528822067152,2,9,600,8.62614024248416,0.05886422681282933,0.9874743063933153,COMPLETE
286,0.5680156919298938,2026-08-14 09:09:40.608200,2026-08-14 09:09:41.244612,0 days 00:00:00.636412,0.7371853288275074,0.012153125297441985,2,9,600,8.352759955166057,0.01939725031405789,0.9853469983091978,COMPLETE
287,0.5746275886326317,2026-08-14 09:09:41.258609,2026-08-14 09:09:41.916684,0 days 00:00:00.658075,0.7274665781017696,0.013452981794787667,2,9,600,5.347273097769027,0.03848698703908275,0.9999545674767135,COMPLETE
288,0.5710868617969209,2026-08-14 09:09:41.930229,2026-08-14 09:09:42.579123,0 days 00:00:00.648894,0.7094891318791976,0.011134904522830865,2,9,600,7.127560018031485,0.05764533142260773,0.991229082988031,COMPLETE
289,0.5642532504529362,2026-08-14 09:09:42.593174,2026-08-14 09:09:43.212696,0 days 00:00:00.619522,0.7462754905882403,0.01215856713754066,2,9,600,9.838475818918278,0.03724163290236978,0.9850161809348859,COMPLETE
290,0.567915403297345,2026-08-14 09:09:43.226976,2026-08-14 09:09:43.867089,0 days 00:00:00.640113,0.7342658171227888,0.010806749308496257,2,9,600,8.477121423575538,0.044144577971013885,0.9696319561610578,COMPLETE
291,0.573592755228731,2026-08-14 09:09:43.881143,2026-08-14 09:09:44.614507,0 days 00:00:00.733364,0.7004809895860376,0.012791427228307074,2,9,700,6.367077979989719,0.03580631245710512,0.991897930711381,COMPLETE
292,0.5639596800965735,2026-08-14 09:09:44.628552,2026-08-14 09:09:45.244452,0 days 00:00:00.615900,0.7201499441405093,0.011627430775409741,2,8,600,9.97937300314583,0.07710040283957126,0.9825343063864517,COMPLETE
293,0.5644441731093012,2026-08-14 09:09:45.257974,2026-08-14 09:09:45.872102,0 days 00:00:00.614128,0.7251826010141567,0.01521075865927707,2,9,600,9.978507749959366,0.06003076578794444,0.9733769975871096,COMPLETE
294,0.6261599763926858,2026-08-14 09:09:45.886013,2026-08-14 09:09:46.650127,0 days 00:00:00.764114,0.7391289963911507,0.01357288825860488,2,8,600,0.0038454097755366273,0.07744202150924974,0.9811713167828923,COMPLETE
295,0.5700770461278127,2026-08-14 09:09:46.664814,2026-08-14 09:09:47.302670,0 days 00:00:00.637856,0.7202102862750942,0.011603406167771495,2,8,600,7.437585146504338,0.04535412040353882,0.9926969969916044,COMPLETE
296,0.5648023027846686,2026-08-14 09:09:47.317134,2026-08-14 09:09:48.017899,0 days 00:00:00.700765,0.7470797472217995,0.012390181307154238,2,9,700,9.940493469304059,0.004042809912391183,0.9623398793032976,COMPLETE
297,0.565785623110475,2026-08-14 09:09:48.031962,2026-08-14 09:09:48.657008,0 days 00:00:00.625046,0.7292497770328997,0.010045811525919228,2,9,600,8.215679599257367,0.06772336635943546,0.9992559105937755,COMPLETE
298,0.5685022770022545,2026-08-14 09:09:48.671186,2026-08-14 09:09:48.910568,0 days 00:00:00.239382,0.7365332453501943,0.011558886401367024,2,8,100,5.9064605663806145,0.08311025072587148,0.9752556231737343,COMPLETE
299,0.5639460656494106,2026-08-14 09:09:48.924684,2026-08-14 09:09:49.464470,0 days 00:00:00.539786,0.7195082503416066,0.014039829235901856,2,9,500,9.974433673658831,0.03139218734699942,0.9837084221176094,COMPLETE
300,0.5717484817193232,2026-08-14 09:16:16.713782,2026-08-14 09:16:17.325463,0 days 00:00:00.611681,0.7116149201519933,0.013617715028307798,2,9,500,7.0249655978536625,0.0313265893880657,0.9848838282595743,COMPLETE
301,0.5682011993498892,2026-08-14 09:16:17.346059,2026-08-14 09:16:18.067072,0 days 00:00:00.721013,0.7178578342913043,0.014968957586257997,2,9,600,8.204260352112145,0.037679902701586325,0.9916195077835207,COMPLETE
302,0.568680665214474,2026-08-14 09:16:18.081971,2026-08-14 09:16:18.891918,0 days 00:00:00.809947,0.7471966214210859,0.014643977532291677,2,9,800,8.299736566168917,0.027219445552985305,0.9841496132909283,COMPLETE
303,0.5716710926506356,2026-08-14 09:16:18.905672,2026-08-14 09:16:19.482504,0 days 00:00:00.576832,0.7328031782988059,0.01301634066619437,2,9,500,6.857285119470643,0.0330693414446067,0.9924502771063485,COMPLETE
